[ 2018-09-18T09:55:02+08:00 ] ::1 /personalBlog/Application/Admin/View/Index/__PUBLIC__/admin/js/jquery.js
INFO: [ app_init ] --START--
INFO: Run Behavior\BuildLiteBehavior [ RunTime:0.000000s ]
INFO: [ app_init ] --END-- [ RunTime:0.143008s ]
ERR: 无法加载模块:Application

[ 2018-09-18T09:55:02+08:00 ] ::1 /personalBlog/Application/Admin/View/Index/__PUBLIC__/admin/css/admin.css
INFO: [ app_init ] --START--
INFO: Run Behavior\BuildLiteBehavior [ RunTime:0.000000s ]
INFO: [ app_init ] --END-- [ RunTime:0.143008s ]
ERR: 无法加载模块:Application

[ 2018-09-18T09:55:02+08:00 ] ::1 /personalBlog/Application/Admin/View/Index/__PUBLIC__/admin/css/pintuer.css
INFO: [ app_init ] --START--
INFO: Run Behavior\BuildLiteBehavior [ RunTime:0.000000s ]
INFO: [ app_init ] --END-- [ RunTime:0.143008s ]
ERR: 无法加载模块:Application

[ 2018-09-18T09:55:03+08:00 ] ::1 /personalBlog/Application/Admin/View/Index/__PUBLIC__/admin/css/admin.css
INFO: [ app_init ] --START--
INFO: Run Behavior\BuildLiteBehavior [ RunTime:0.000000s ]
INFO: [ app_init ] --END-- [ RunTime:0.000000s ]
ERR: 无法加载模块:Application

[ 2018-09-18T09:55:03+08:00 ] ::1 /personalBlog/Application/Admin/View/Index/__PUBLIC__/admin/css/pintuer.css
INFO: [ app_init ] --START--
INFO: Run Behavior\BuildLiteBehavior [ RunTime:0.000000s ]
INFO: [ app_init ] --END-- [ RunTime:0.001000s ]
ERR: 无法加载模块:Application

[ 2018-09-18T09:55:03+08:00 ] ::1 /personalBlog/Application/Admin/View/Index/__PUBLIC__/admin/js/jquery.js
INFO: [ app_init ] --START--
INFO: Run Behavior\BuildLiteBehavior [ RunTime:0.000000s ]
INFO: [ app_init ] --END-- [ RunTime:0.001000s ]
ERR: 无法加载模块:Application

[ 2018-09-18T09:55:03+08:00 ] ::1 /personalBlog/Application/Admin/View/Index/__PUBLIC__/admin/css/pintuer.css
INFO: [ app_init ] --START--
INFO: Run Behavior\BuildLiteBehavior [ RunTime:0.000000s ]
INFO: [ app_init ] --END-- [ RunTime:0.002001s ]
ERR: 无法加载模块:Application

[ 2018-09-18T09:55:03+08:00 ] ::1 /personalBlog/Application/Admin/View/Index/__PUBLIC__/admin/js/jquery.js
INFO: [ app_init ] --START--
INFO: Run Behavior\BuildLiteBehavior [ RunTime:0.000000s ]
INFO: [ app_init ] --END-- [ RunTime:0.001000s ]
ERR: 无法加载模块:Application

[ 2018-09-18T09:55:03+08:00 ] ::1 /personalBlog/Application/Admin/View/Index/__PUBLIC__/admin/css/admin.css
INFO: [ app_init ] --START--
INFO: Run Behavior\BuildLiteBehavior [ RunTime:0.000000s ]
INFO: [ app_init ] --END-- [ RunTime:0.000000s ]
ERR: 无法加载模块:Application

[ 2018-09-18T09:55:03+08:00 ] ::1 /personalBlog/Application/Admin/View/Index/__CONTROLLER__/info.html
INFO: [ app_init ] --START--
INFO: Run Behavior\BuildLiteBehavior [ RunTime:0.000000s ]
INFO: [ app_init ] --END-- [ RunTime:0.001000s ]
ERR: 无法加载模块:Application

[ 2018-09-18T09:55:03+08:00 ] ::1 /personalBlog/Application/Admin/View/Index/__CONTROLLER__/info.html
INFO: [ app_init ] --START--
INFO: Run Behavior\BuildLiteBehavior [ RunTime:0.000000s ]
INFO: [ app_init ] --END-- [ RunTime:0.000000s ]
ERR: 无法加载模块:Application

[ 2018-09-18T09:56:06+08:00 ] ::1 /personalBlog/Public/admin/css/laydate.css
INFO: [ app_init ] --START--
INFO: Run Behavior\BuildLiteBehavior [ RunTime:0.000000s ]
INFO: [ app_init ] --END-- [ RunTime:0.001000s ]
ERR: 无法加载模块:Public

[ 2018-09-18T11:10:56+08:00 ] ::1 /personalBlog/Public/admin/css/laydate.css
INFO: [ app_init ] --START--
INFO: Run Behavior\BuildLiteBehavior [ RunTime:0.000000s ]
INFO: [ app_init ] --END-- [ RunTime:0.001000s ]
ERR: 无法加载模块:Public

[ 2018-09-18T11:10:58+08:00 ] ::1 /personalBlog/Public/admin/css/laydate.css
INFO: [ app_init ] --START--
INFO: Run Behavior\BuildLiteBehavior [ RunTime:0.000000s ]
INFO: [ app_init ] --END-- [ RunTime:0.000000s ]
ERR: 无法加载模块:Public

[ 2018-09-18T11:10:59+08:00 ] ::1 /personalBlog/Public/admin/css/laydate.css
INFO: [ app_init ] --START--
INFO: Run Behavior\BuildLiteBehavior [ RunTime:0.000000s ]
INFO: [ app_init ] --END-- [ RunTime:0.001000s ]
ERR: 无法加载模块:Public

[ 2018-09-18T11:11:05+08:00 ] ::1 /personalBlog/Public/admin/css/laydate.css
INFO: [ app_init ] --START--
INFO: Run Behavior\BuildLiteBehavior [ RunTime:0.000000s ]
INFO: [ app_init ] --END-- [ RunTime:0.000000s ]
ERR: 无法加载模块:Public

[ 2018-09-18T11:12:05+08:00 ] ::1 /personalBlog/Public/admin/css/laydate.css
INFO: [ app_init ] --START--
INFO: Run Behavior\BuildLiteBehavior [ RunTime:0.000000s ]
INFO: [ app_init ] --END-- [ RunTime:0.000000s ]
ERR: 无法加载模块:Public

[ 2018-09-18T11:13:31+08:00 ] ::1 /personalBlog/Public/admin/css/laydate.css
INFO: [ app_init ] --START--
INFO: Run Behavior\BuildLiteBehavior [ RunTime:0.000000s ]
INFO: [ app_init ] --END-- [ RunTime:0.000000s ]
ERR: 无法加载模块:Public

[ 2018-09-18T11:13:42+08:00 ] ::1 /personalBlog/Public/admin/css/laydate.css
INFO: [ app_init ] --START--
INFO: Run Behavior\BuildLiteBehavior [ RunTime:0.000000s ]
INFO: [ app_init ] --END-- [ RunTime:0.000000s ]
ERR: 无法加载模块:Public

[ 2018-09-18T11:13:44+08:00 ] ::1 /personalBlog/Public/admin/css/laydate.css
INFO: [ app_init ] --START--
INFO: Run Behavior\BuildLiteBehavior [ RunTime:0.000000s ]
INFO: [ app_init ] --END-- [ RunTime:0.001000s ]
ERR: 无法加载模块:Public

[ 2018-09-18T11:13:47+08:00 ] ::1 /personalBlog/Public/admin/css/laydate.css
INFO: [ app_init ] --START--
INFO: Run Behavior\BuildLiteBehavior [ RunTime:0.000000s ]
INFO: [ app_init ] --END-- [ RunTime:0.000000s ]
ERR: 无法加载模块:Public

[ 2018-09-18T11:14:28+08:00 ] ::1 /personalBlog/Public/admin/css/laydate.css
INFO: [ app_init ] --START--
INFO: Run Behavior\BuildLiteBehavior [ RunTime:0.000000s ]
INFO: [ app_init ] --END-- [ RunTime:0.001000s ]
ERR: 无法加载模块:Public

[ 2018-09-18T11:14:34+08:00 ] ::1 /personalBlog/Public/admin/css/laydate.css
INFO: [ app_init ] --START--
INFO: Run Behavior\BuildLiteBehavior [ RunTime:0.000000s ]
INFO: [ app_init ] --END-- [ RunTime:0.001000s ]
ERR: 无法加载模块:Public

[ 2018-09-18T11:14:41+08:00 ] ::1 /personalBlog/Public/admin/css/laydate.css
INFO: [ app_init ] --START--
INFO: Run Behavior\BuildLiteBehavior [ RunTime:0.000000s ]
INFO: [ app_init ] --END-- [ RunTime:0.000000s ]
ERR: 无法加载模块:Public

[ 2018-09-18T11:48:29+08:00 ] ::1 /personalBlog/Public/admin/css/laydate.css
INFO: [ app_init ] --START--
INFO: Run Behavior\BuildLiteBehavior [ RunTime:0.000000s ]
INFO: [ app_init ] --END-- [ RunTime:0.001000s ]
ERR: 无法加载模块:Public

[ 2018-09-18T11:50:38+08:00 ] ::1 /personalBlog/Public/admin/css/laydate.css
INFO: [ app_init ] --START--
INFO: Run Behavior\BuildLiteBehavior [ RunTime:0.000000s ]
INFO: [ app_init ] --END-- [ RunTime:0.000000s ]
ERR: 无法加载模块:Public

[ 2018-09-18T11:51:30+08:00 ] ::1 /personalBlog/Public/admin/css/laydate.css
INFO: [ app_init ] --START--
INFO: Run Behavior\BuildLiteBehavior [ RunTime:0.000000s ]
INFO: [ app_init ] --END-- [ RunTime:0.000000s ]
ERR: 无法加载模块:Public

[ 2018-09-18T11:52:26+08:00 ] ::1 /personalBlog/Public/admin/css/laydate.css
INFO: [ app_init ] --START--
INFO: Run Behavior\BuildLiteBehavior [ RunTime:0.000000s ]
INFO: [ app_init ] --END-- [ RunTime:0.030002s ]
ERR: 无法加载模块:Public

[ 2018-09-18T16:51:46+08:00 ] ::1 /personalBlog/Public/admin/css/laydate.css
INFO: [ app_init ] --START--
INFO: Run Behavior\BuildLiteBehavior [ RunTime:0.000000s ]
INFO: [ app_init ] --END-- [ RunTime:0.000000s ]
ERR: 无法加载模块:Public

[ 2018-09-18T16:59:10+08:00 ] ::1 /personalBlog/Public/admin/css/laydate.css
INFO: [ app_init ] --START--
INFO: Run Behavior\BuildLiteBehavior [ RunTime:0.000000s ]
INFO: [ app_init ] --END-- [ RunTime:0.001000s ]
ERR: 无法加载模块:Public

[ 2018-09-18T17:00:12+08:00 ] ::1 /personalBlog/Public/admin/css/laydate.css
INFO: [ app_init ] --START--
INFO: Run Behavior\BuildLiteBehavior [ RunTime:0.000000s ]
INFO: [ app_init ] --END-- [ RunTime:0.000000s ]
ERR: 无法加载模块:Public

[ 2018-09-18T17:01:18+08:00 ] ::1 /personalBlog/Public/admin/css/laydate.css
INFO: [ app_init ] --START--
INFO: Run Behavior\BuildLiteBehavior [ RunTime:0.000000s ]
INFO: [ app_init ] --END-- [ RunTime:0.000000s ]
ERR: 无法加载模块:Public

