[ 2018-09-19T10:40:28+08:00 ] ::1 /personalBlog/Application/Admin/View/Index/__PUBLIC__/admin/css/admin.css
INFO: [ app_init ] --START--
INFO: Run Behavior\BuildLiteBehavior [ RunTime:0.000000s ]
INFO: [ app_init ] --END-- [ RunTime:0.025002s ]
ERR: 无法加载模块:Application

[ 2018-09-19T10:40:28+08:00 ] ::1 /personalBlog/Application/Admin/View/Index/__PUBLIC__/admin/css/pintuer.css
INFO: [ app_init ] --START--
INFO: Run Behavior\BuildLiteBehavior [ RunTime:0.000000s ]
INFO: [ app_init ] --END-- [ RunTime:0.024002s ]
ERR: 无法加载模块:Application

[ 2018-09-19T10:40:28+08:00 ] ::1 /personalBlog/Application/Admin/View/Index/__PUBLIC__/admin/js/jquery.js
INFO: [ app_init ] --START--
INFO: Run Behavior\BuildLiteBehavior [ RunTime:0.000000s ]
INFO: [ app_init ] --END-- [ RunTime:0.025002s ]
ERR: 无法加载模块:Application

[ 2018-09-19T10:40:28+08:00 ] ::1 /personalBlog/Application/Admin/View/Index/__PUBLIC__/admin/css/pintuer.css
INFO: [ app_init ] --START--
INFO: Run Behavior\BuildLiteBehavior [ RunTime:0.000000s ]
INFO: [ app_init ] --END-- [ RunTime:0.000000s ]
ERR: 无法加载模块:Application

[ 2018-09-19T10:40:28+08:00 ] ::1 /personalBlog/Application/Admin/View/Index/__PUBLIC__/admin/js/jquery.js
INFO: [ app_init ] --START--
INFO: Run Behavior\BuildLiteBehavior [ RunTime:0.000000s ]
INFO: [ app_init ] --END-- [ RunTime:0.000000s ]
ERR: 无法加载模块:Application

[ 2018-09-19T10:40:28+08:00 ] ::1 /personalBlog/Application/Admin/View/Index/__PUBLIC__/admin/css/admin.css
INFO: [ app_init ] --START--
INFO: Run Behavior\BuildLiteBehavior [ RunTime:0.000000s ]
INFO: [ app_init ] --END-- [ RunTime:0.001000s ]
ERR: 无法加载模块:Application

[ 2018-09-19T10:40:28+08:00 ] ::1 /personalBlog/Application/Admin/View/Index/__CONTROLLER__/info.html
INFO: [ app_init ] --START--
INFO: Run Behavior\BuildLiteBehavior [ RunTime:0.000000s ]
INFO: [ app_init ] --END-- [ RunTime:0.000000s ]
ERR: 无法加载模块:Application

[ 2018-09-19T10:40:28+08:00 ] ::1 /personalBlog/Application/Admin/View/Index/__CONTROLLER__/info.html
INFO: [ app_init ] --START--
INFO: Run Behavior\BuildLiteBehavior [ RunTime:0.000000s ]
INFO: [ app_init ] --END-- [ RunTime:0.000000s ]
ERR: 无法加载模块:Application

[ 2018-09-19T10:42:03+08:00 ] ::1 /personalBlog/Public/admin/js/laydate/laydate.js
INFO: [ app_init ] --START--
INFO: Run Behavior\BuildLiteBehavior [ RunTime:0.000000s ]
INFO: [ app_init ] --END-- [ RunTime:0.000000s ]
ERR: 无法加载模块:Public

[ 2018-09-19T10:42:03+08:00 ] ::1 /personalBlog/Public/admin/js/laydate/laydate.js
INFO: [ app_init ] --START--
INFO: Run Behavior\BuildLiteBehavior [ RunTime:0.000000s ]
INFO: [ app_init ] --END-- [ RunTime:0.001000s ]
ERR: 无法加载模块:Public

[ 2018-09-19T10:42:08+08:00 ] ::1 /personalBlog/Public/admin/css/laydate.css
INFO: [ app_init ] --START--
INFO: Run Behavior\BuildLiteBehavior [ RunTime:0.000000s ]
INFO: [ app_init ] --END-- [ RunTime:0.000000s ]
ERR: 无法加载模块:Public

