[ 2018-10-31T10:22:07+08:00 ] ::1 /personalBlog/Application/Admin/View/Column/__PUBLIC__/admin/css/admin.css
INFO: [ app_init ] --START--
INFO: Run Behavior\BuildLiteBehavior [ RunTime:0.000000s ]
INFO: [ app_init ] --END-- [ RunTime:0.005000s ]
ERR: 无法加载模块:Application

[ 2018-10-31T10:22:07+08:00 ] ::1 /personalBlog/Application/Admin/View/Column/__PUBLIC__/admin/css/pintuer.css
INFO: [ app_init ] --START--
INFO: Run Behavior\BuildLiteBehavior [ RunTime:0.000000s ]
INFO: [ app_init ] --END-- [ RunTime:0.009000s ]
ERR: 无法加载模块:Application

[ 2018-10-31T10:22:07+08:00 ] ::1 /personalBlog/Application/Admin/View/Column/__PUBLIC__/admin/js/pintuer.js
INFO: [ app_init ] --START--
INFO: Run Behavior\BuildLiteBehavior [ RunTime:0.000000s ]
INFO: [ app_init ] --END-- [ RunTime:0.004000s ]
ERR: 无法加载模块:Application

[ 2018-10-31T10:22:07+08:00 ] ::1 /personalBlog/Application/Admin/View/Column/__PUBLIC__/admin/js/jquery.js
INFO: [ app_init ] --START--
INFO: Run Behavior\BuildLiteBehavior [ RunTime:0.000000s ]
INFO: [ app_init ] --END-- [ RunTime:0.027001s ]
ERR: 无法加载模块:Application

[ 2018-10-31T10:22:07+08:00 ] ::1 /personalBlog/Application/Admin/View/Column/__PUBLIC__/ueditor/ueditor.all.js
INFO: [ app_init ] --START--
INFO: Run Behavior\BuildLiteBehavior [ RunTime:0.000000s ]
INFO: [ app_init ] --END-- [ RunTime:0.023001s ]
ERR: 无法加载模块:Application

[ 2018-10-31T10:22:07+08:00 ] ::1 /personalBlog/Application/Admin/View/Column/__PUBLIC__/ueditor/ueditor.config.js
INFO: [ app_init ] --START--
INFO: Run Behavior\BuildLiteBehavior [ RunTime:0.000000s ]
INFO: [ app_init ] --END-- [ RunTime:0.009000s ]
ERR: 无法加载模块:Application

[ 2018-10-31T10:22:07+08:00 ] ::1 /personalBlog/Application/Admin/View/Column/__PUBLIC__/admin/js/pintuer.js
INFO: [ app_init ] --START--
INFO: Run Behavior\BuildLiteBehavior [ RunTime:0.000000s ]
INFO: [ app_init ] --END-- [ RunTime:0.000000s ]
ERR: 无法加载模块:Application

[ 2018-10-31T10:22:07+08:00 ] ::1 /personalBlog/Application/Admin/View/Column/__PUBLIC__/ueditor/ueditor.config.js
INFO: [ app_init ] --START--
INFO: Run Behavior\BuildLiteBehavior [ RunTime:0.000000s ]
INFO: [ app_init ] --END-- [ RunTime:0.000000s ]
ERR: 无法加载模块:Application

[ 2018-10-31T10:22:07+08:00 ] ::1 /personalBlog/Application/Admin/View/Column/__PUBLIC__/ueditor/ueditor.all.js
INFO: [ app_init ] --START--
INFO: Run Behavior\BuildLiteBehavior [ RunTime:0.001000s ]
INFO: [ app_init ] --END-- [ RunTime:0.001000s ]
ERR: 无法加载模块:Application

[ 2018-10-31T10:34:23+08:00 ] ::1 /personalBlog/Application/Admin/View/Column/__PUBLIC__/admin/js/jquery.js
INFO: [ app_init ] --START--
INFO: Run Behavior\BuildLiteBehavior [ RunTime:0.000000s ]
INFO: [ app_init ] --END-- [ RunTime:0.001000s ]
ERR: 无法加载模块:Application

[ 2018-10-31T10:34:23+08:00 ] ::1 /personalBlog/Application/Admin/View/Column/__PUBLIC__/admin/css/pintuer.css
INFO: [ app_init ] --START--
INFO: Run Behavior\BuildLiteBehavior [ RunTime:0.000000s ]
INFO: [ app_init ] --END-- [ RunTime:0.001000s ]
ERR: 无法加载模块:Application

[ 2018-10-31T10:34:23+08:00 ] ::1 /personalBlog/Application/Admin/View/Column/__PUBLIC__/admin/css/admin.css
INFO: [ app_init ] --START--
INFO: Run Behavior\BuildLiteBehavior [ RunTime:0.000000s ]
INFO: [ app_init ] --END-- [ RunTime:0.000000s ]
ERR: 无法加载模块:Application

[ 2018-10-31T10:34:23+08:00 ] ::1 /personalBlog/Application/Admin/View/Column/__PUBLIC__/ueditor/ueditor.all.js
INFO: [ app_init ] --START--
INFO: Run Behavior\BuildLiteBehavior [ RunTime:0.001000s ]
INFO: [ app_init ] --END-- [ RunTime:0.001000s ]
ERR: 无法加载模块:Application

[ 2018-10-31T10:34:23+08:00 ] ::1 /personalBlog/Application/Admin/View/Column/__PUBLIC__/ueditor/ueditor.config.js
INFO: [ app_init ] --START--
INFO: Run Behavior\BuildLiteBehavior [ RunTime:0.000000s ]
INFO: [ app_init ] --END-- [ RunTime:0.000000s ]
ERR: 无法加载模块:Application

[ 2018-10-31T10:34:23+08:00 ] ::1 /personalBlog/Application/Admin/View/Column/__PUBLIC__/admin/js/pintuer.js
INFO: [ app_init ] --START--
INFO: Run Behavior\BuildLiteBehavior [ RunTime:0.000000s ]
INFO: [ app_init ] --END-- [ RunTime:0.000000s ]
ERR: 无法加载模块:Application

[ 2018-10-31T10:34:23+08:00 ] ::1 /personalBlog/Application/Admin/View/Column/__PUBLIC__/ueditor/ueditor.config.js
INFO: [ app_init ] --START--
INFO: Run Behavior\BuildLiteBehavior [ RunTime:0.000000s ]
INFO: [ app_init ] --END-- [ RunTime:0.000000s ]
ERR: 无法加载模块:Application

[ 2018-10-31T10:34:23+08:00 ] ::1 /personalBlog/Application/Admin/View/Column/__PUBLIC__/ueditor/ueditor.all.js
INFO: [ app_init ] --START--
INFO: Run Behavior\BuildLiteBehavior [ RunTime:0.000000s ]
INFO: [ app_init ] --END-- [ RunTime:0.000000s ]
ERR: 无法加载模块:Application

[ 2018-10-31T10:34:33+08:00 ] ::1 /personalBlog/View/Column/add.html
INFO: [ app_init ] --START--
INFO: Run Behavior\BuildLiteBehavior [ RunTime:0.000000s ]
INFO: [ app_init ] --END-- [ RunTime:0.000000s ]
ERR: 无法加载模块:View

[ 2018-10-31T10:34:37+08:00 ] ::1 /personalBlog/Column/add.html
INFO: [ app_init ] --START--
INFO: Run Behavior\BuildLiteBehavior [ RunTime:0.000000s ]
INFO: [ app_init ] --END-- [ RunTime:0.001000s ]
ERR: 无法加载模块:Column

[ 2018-10-31T11:18:15+08:00 ] ::1 /phpProject/personalBlog/Application/Admin/View/Index/__PUBLIC__/admin/js/jquery.js
INFO: [ app_init ] --START--
INFO: Run Behavior\BuildLiteBehavior [ RunTime:0.000000s ]
INFO: [ app_init ] --END-- [ RunTime:0.001000s ]
ERR: 无法加载模块:Application


[ 2018-10-31T11:18:15+08:00 ] ::1 /phpProject/personalBlog/Application/Admin/View/Index/__PUBLIC__/admin/css/pintuer.css
INFO: [ app_init ] --START--
INFO: Run Behavior\BuildLiteBehavior [ RunTime:0.000000s ]
INFO: [ app_init ] --END-- [ RunTime:0.001000s ]
ERR: 无法加载模块:Application

[ 2018-10-31T11:18:15+08:00 ] ::1 /phpProject/personalBlog/Application/Admin/View/Index/__CONTROLLER__/info.html
INFO: [ app_init ] --START--
INFO: Run Behavior\BuildLiteBehavior [ RunTime:0.000000s ]
INFO: [ app_init ] --END-- [ RunTime:0.000000s ]
ERR: 无法加载模块:Application

[ 2018-10-31T11:18:36+08:00 ] ::1 /phpProject/personalBlog/Application/Admin/View/Index/__PUBLIC__/admin/css/admin.css
INFO: [ app_init ] --START--
INFO: Run Behavior\BuildLiteBehavior [ RunTime:0.000000s ]
INFO: [ app_init ] --END-- [ RunTime:0.000000s ]
ERR: 无法加载模块:Application

[ 2018-10-31T11:18:36+08:00 ] ::1 /phpProject/personalBlog/Application/Admin/View/Index/__PUBLIC__/admin/css/pintuer.css
INFO: [ app_init ] --START--
INFO: Run Behavior\BuildLiteBehavior [ RunTime:0.000000s ]
INFO: [ app_init ] --END-- [ RunTime:0.000000s ]
ERR: 无法加载模块:Application

[ 2018-10-31T11:18:36+08:00 ] ::1 /phpProject/personalBlog/Application/Admin/View/Index/__PUBLIC__/admin/js/jquery.js
INFO: [ app_init ] --START--
INFO: Run Behavior\BuildLiteBehavior [ RunTime:0.000000s ]
INFO: [ app_init ] --END-- [ RunTime:0.000000s ]
ERR: 无法加载模块:Application

[ 2018-10-31T11:18:36+08:00 ] ::1 /phpProject/personalBlog/Application/Admin/View/Index/__CONTROLLER__/info.html
INFO: [ app_init ] --START--
INFO: Run Behavior\BuildLiteBehavior [ RunTime:0.000000s ]
INFO: [ app_init ] --END-- [ RunTime:0.000000s ]
ERR: 无法加载模块:Application

[ 2018-10-31T11:18:49+08:00 ] ::1 /phpProject/personalBlog/Application/View/Index/index.html
INFO: [ app_init ] --START--
INFO: Run Behavior\BuildLiteBehavior [ RunTime:0.000000s ]
INFO: [ app_init ] --END-- [ RunTime:0.001000s ]
ERR: 无法加载模块:Application

[ 2018-10-31T11:18:52+08:00 ] ::1 /phpProject/personalBlog/Application/Admin/View/Index/__PUBLIC__/admin/css/pintuer.css
INFO: [ app_init ] --START--
INFO: Run Behavior\BuildLiteBehavior [ RunTime:0.000000s ]
INFO: [ app_init ] --END-- [ RunTime:0.000000s ]
ERR: 无法加载模块:Application

[ 2018-10-31T11:18:52+08:00 ] ::1 /phpProject/personalBlog/Application/Admin/View/Index/__PUBLIC__/admin/css/admin.css
INFO: [ app_init ] --START--
INFO: Run Behavior\BuildLiteBehavior [ RunTime:0.000000s ]
INFO: [ app_init ] --END-- [ RunTime:0.000000s ]
ERR: 无法加载模块:Application

[ 2018-10-31T11:18:52+08:00 ] ::1 /phpProject/personalBlog/Application/Admin/View/Index/__PUBLIC__/admin/js/jquery.js
INFO: [ app_init ] --START--
INFO: Run Behavior\BuildLiteBehavior [ RunTime:0.000000s ]
INFO: [ app_init ] --END-- [ RunTime:0.000000s ]
ERR: 无法加载模块:Application

[ 2018-10-31T11:18:52+08:00 ] ::1 /phpProject/personalBlog/Application/Admin/View/Index/__CONTROLLER__/info.html
INFO: [ app_init ] --START--
INFO: Run Behavior\BuildLiteBehavior [ RunTime:0.000000s ]
INFO: [ app_init ] --END-- [ RunTime:0.000000s ]
ERR: 无法加载模块:Application

[ 2018-10-31T11:19:21+08:00 ] ::1 /phpProject/personalBlog/Application/Admin/Index/index.html
INFO: [ app_init ] --START--
INFO: Run Behavior\BuildLiteBehavior [ RunTime:0.000000s ]
INFO: [ app_init ] --END-- [ RunTime:0.001000s ]
ERR: 无法加载模块:Application

[ 2018-10-31T11:22:00+08:00 ] ::1 /phpProject/personalBlog/Application/Admin/View/Index/__PUBLIC__/admin/css/admin.css
INFO: [ app_init ] --START--
INFO: Run Behavior\BuildLiteBehavior [ RunTime:0.000000s ]
INFO: [ app_init ] --END-- [ RunTime:0.001000s ]
ERR: 无法加载模块:Application

[ 2018-10-31T11:22:00+08:00 ] ::1 /phpProject/personalBlog/Application/Admin/View/Index/__PUBLIC__/admin/css/pintuer.css
INFO: [ app_init ] --START--
INFO: Run Behavior\BuildLiteBehavior [ RunTime:0.000000s ]
INFO: [ app_init ] --END-- [ RunTime:0.001000s ]
ERR: 无法加载模块:Application

[ 2018-10-31T11:22:00+08:00 ] ::1 /phpProject/personalBlog/Application/Admin/View/Index/__PUBLIC__/admin/js/jquery.js
INFO: [ app_init ] --START--
INFO: Run Behavior\BuildLiteBehavior [ RunTime:0.000000s ]
INFO: [ app_init ] --END-- [ RunTime:0.001000s ]
ERR: 无法加载模块:Application

[ 2018-10-31T11:22:00+08:00 ] ::1 /phpProject/personalBlog/Application/Admin/View/Index/__CONTROLLER__/info.html
INFO: [ app_init ] --START--
INFO: Run Behavior\BuildLiteBehavior [ RunTime:0.000000s ]
INFO: [ app_init ] --END-- [ RunTime:0.000000s ]
ERR: 无法加载模块:Application

[ 2018-10-31T11:25:53+08:00 ] ::1 /phpProject/personalBlog/Application/Admin/View/Index/__PUBLIC__/admin/css/pintuer.css
INFO: [ app_init ] --START--
INFO: Run Behavior\BuildLiteBehavior [ RunTime:0.000000s ]
INFO: [ app_init ] --END-- [ RunTime:0.001000s ]
ERR: 无法加载模块:Application

[ 2018-10-31T11:25:53+08:00 ] ::1 /phpProject/personalBlog/Application/Admin/View/Index/__PUBLIC__/admin/css/admin.css
INFO: [ app_init ] --START--
INFO: Run Behavior\BuildLiteBehavior [ RunTime:0.000000s ]
INFO: [ app_init ] --END-- [ RunTime:0.000000s ]
ERR: 无法加载模块:Application

[ 2018-10-31T11:25:53+08:00 ] ::1 /phpProject/personalBlog/Application/Admin/View/Index/__CONTROLLER__/info.html
INFO: [ app_init ] --START--
INFO: Run Behavior\BuildLiteBehavior [ RunTime:0.000000s ]
INFO: [ app_init ] --END-- [ RunTime:0.001000s ]
ERR: 无法加载模块:Application

[ 2018-10-31T11:25:57+08:00 ] ::1 /phpProject/personalBlog/Application/Admin/View/Index/__PUBLIC__/admin/css/pintuer.css
INFO: [ app_init ] --START--
INFO: Run Behavior\BuildLiteBehavior [ RunTime:0.000000s ]
INFO: [ app_init ] --END-- [ RunTime:0.001000s ]
ERR: 无法加载模块:Application

[ 2018-10-31T11:25:57+08:00 ] ::1 /phpProject/personalBlog/Application/Admin/View/Index/__PUBLIC__/admin/css/admin.css
INFO: [ app_init ] --START--
INFO: Run Behavior\BuildLiteBehavior [ RunTime:0.000000s ]
INFO: [ app_init ] --END-- [ RunTime:0.000000s ]
ERR: 无法加载模块:Application

[ 2018-10-31T11:31:05+08:00 ] ::1 /phpProject/personalBlog/Application/Admin/View/Index/Public/admin/css/pintuer.css
INFO: [ app_init ] --START--
INFO: Run Behavior\BuildLiteBehavior [ RunTime:0.000000s ]
INFO: [ app_init ] --END-- [ RunTime:0.000000s ]
ERR: 无法加载模块:Application

[ 2018-10-31T11:31:05+08:00 ] ::1 /phpProject/personalBlog/Application/Admin/View/Index/__PUBLIC__/admin/js/jquery.js
INFO: [ app_init ] --START--
INFO: Run Behavior\BuildLiteBehavior [ RunTime:0.000000s ]
INFO: [ app_init ] --END-- [ RunTime:0.002000s ]
ERR: 无法加载模块:Application

[ 2018-10-31T11:31:05+08:00 ] ::1 /phpProject/personalBlog/Application/Admin/View/Index/__PUBLIC__/admin/css/admin.css
INFO: [ app_init ] --START--
INFO: Run Behavior\BuildLiteBehavior [ RunTime:0.000000s ]
INFO: [ app_init ] --END-- [ RunTime:0.000000s ]
ERR: 无法加载模块:Application

[ 2018-10-31T11:31:05+08:00 ] ::1 /phpProject/personalBlog/Application/Admin/View/Index/__CONTROLLER__/info.html
INFO: [ app_init ] --START--
INFO: Run Behavior\BuildLiteBehavior [ RunTime:0.000000s ]
INFO: [ app_init ] --END-- [ RunTime:0.000000s ]
ERR: 无法加载模块:Application

[ 2018-10-31T11:32:36+08:00 ] ::1 /phpProject/personalBlog/Application/Admin/View/Index/Public/admin/css/pintuer.css
INFO: [ app_init ] --START--
INFO: Run Behavior\BuildLiteBehavior [ RunTime:0.000000s ]
INFO: [ app_init ] --END-- [ RunTime:0.001000s ]
ERR: 无法加载模块:Application

[ 2018-10-31T11:32:36+08:00 ] ::1 /phpProject/personalBlog/Application/Admin/View/Index/__PUBLIC__/admin/css/admin.css
INFO: [ app_init ] --START--
INFO: Run Behavior\BuildLiteBehavior [ RunTime:0.000000s ]
INFO: [ app_init ] --END-- [ RunTime:0.000000s ]
ERR: 无法加载模块:Application

[ 2018-10-31T11:32:36+08:00 ] ::1 /phpProject/personalBlog/Application/Admin/View/Index/__PUBLIC__/admin/js/jquery.js
INFO: [ app_init ] --START--
INFO: Run Behavior\BuildLiteBehavior [ RunTime:0.000000s ]
INFO: [ app_init ] --END-- [ RunTime:0.000000s ]
ERR: 无法加载模块:Application

[ 2018-10-31T11:32:36+08:00 ] ::1 /phpProject/personalBlog/Application/Admin/View/Index/__CONTROLLER__/info.html
INFO: [ app_init ] --START--
INFO: Run Behavior\BuildLiteBehavior [ RunTime:0.000000s ]
INFO: [ app_init ] --END-- [ RunTime:0.000000s ]
ERR: 无法加载模块:Application

[ 2018-10-31T11:32:37+08:00 ] ::1 /phpProject/personalBlog/Application/Admin/View/Index/Public/admin/css/pintuer.css
INFO: [ app_init ] --START--
INFO: Run Behavior\BuildLiteBehavior [ RunTime:0.000000s ]
INFO: [ app_init ] --END-- [ RunTime:0.001000s ]
ERR: 无法加载模块:Application

[ 2018-10-31T11:32:37+08:00 ] ::1 /phpProject/personalBlog/Application/Admin/View/Index/__PUBLIC__/admin/css/admin.css
INFO: [ app_init ] --START--
INFO: Run Behavior\BuildLiteBehavior [ RunTime:0.000000s ]
INFO: [ app_init ] --END-- [ RunTime:0.000000s ]
ERR: 无法加载模块:Application

[ 2018-10-31T11:32:37+08:00 ] ::1 /phpProject/personalBlog/Application/Admin/View/Index/__PUBLIC__/admin/js/jquery.js
INFO: [ app_init ] --START--
INFO: Run Behavior\BuildLiteBehavior [ RunTime:0.000000s ]
INFO: [ app_init ] --END-- [ RunTime:0.000000s ]
ERR: 无法加载模块:Application

[ 2018-10-31T11:32:37+08:00 ] ::1 /phpProject/personalBlog/Application/Admin/View/Index/__CONTROLLER__/info.html
INFO: [ app_init ] --START--
INFO: Run Behavior\BuildLiteBehavior [ RunTime:0.000000s ]
INFO: [ app_init ] --END-- [ RunTime:0.001001s ]
ERR: 无法加载模块:Application

[ 2018-10-31T11:32:37+08:00 ] ::1 /phpProject/personalBlog/Application/Admin/View/Index/Public/admin/css/pintuer.css
INFO: [ app_init ] --START--
INFO: Run Behavior\BuildLiteBehavior [ RunTime:0.000000s ]
INFO: [ app_init ] --END-- [ RunTime:0.000000s ]
ERR: 无法加载模块:Application

[ 2018-10-31T11:32:37+08:00 ] ::1 /phpProject/personalBlog/Application/Admin/View/Index/__PUBLIC__/admin/css/admin.css
INFO: [ app_init ] --START--
INFO: Run Behavior\BuildLiteBehavior [ RunTime:0.000000s ]
INFO: [ app_init ] --END-- [ RunTime:0.001000s ]
ERR: 无法加载模块:Application

[ 2018-10-31T11:32:37+08:00 ] ::1 /phpProject/personalBlog/Application/Admin/View/Index/__PUBLIC__/admin/js/jquery.js
INFO: [ app_init ] --START--
INFO: Run Behavior\BuildLiteBehavior [ RunTime:0.000000s ]
INFO: [ app_init ] --END-- [ RunTime:0.000000s ]
ERR: 无法加载模块:Application

[ 2018-10-31T11:32:37+08:00 ] ::1 /phpProject/personalBlog/Application/Admin/View/Index/__CONTROLLER__/info.html
INFO: [ app_init ] --START--
INFO: Run Behavior\BuildLiteBehavior [ RunTime:0.000000s ]
INFO: [ app_init ] --END-- [ RunTime:0.001000s ]
ERR: 无法加载模块:Application

[ 2018-10-31T11:32:37+08:00 ] ::1 /phpProject/personalBlog/Application/Admin/View/Index/Public/admin/css/pintuer.css
INFO: [ app_init ] --START--
INFO: Run Behavior\BuildLiteBehavior [ RunTime:0.000000s ]
INFO: [ app_init ] --END-- [ RunTime:0.000000s ]
ERR: 无法加载模块:Application

[ 2018-10-31T11:32:37+08:00 ] ::1 /phpProject/personalBlog/Application/Admin/View/Index/__PUBLIC__/admin/css/admin.css
INFO: [ app_init ] --START--
INFO: Run Behavior\BuildLiteBehavior [ RunTime:0.000000s ]
INFO: [ app_init ] --END-- [ RunTime:0.000000s ]
ERR: 无法加载模块:Application

[ 2018-10-31T11:32:37+08:00 ] ::1 /phpProject/personalBlog/Application/Admin/View/Index/__PUBLIC__/admin/js/jquery.js
INFO: [ app_init ] --START--
INFO: Run Behavior\BuildLiteBehavior [ RunTime:0.000000s ]
INFO: [ app_init ] --END-- [ RunTime:0.000000s ]
ERR: 无法加载模块:Application

[ 2018-10-31T11:32:37+08:00 ] ::1 /phpProject/personalBlog/Application/Admin/View/Index/__CONTROLLER__/info.html
INFO: [ app_init ] --START--
INFO: Run Behavior\BuildLiteBehavior [ RunTime:0.000000s ]
INFO: [ app_init ] --END-- [ RunTime:0.000000s ]
ERR: 无法加载模块:Application

[ 2018-10-31T11:32:38+08:00 ] ::1 /phpProject/personalBlog/Application/Admin/View/Index/Public/admin/css/pintuer.css
INFO: [ app_init ] --START--
INFO: Run Behavior\BuildLiteBehavior [ RunTime:0.000000s ]
INFO: [ app_init ] --END-- [ RunTime:0.000000s ]
ERR: 无法加载模块:Application

[ 2018-10-31T11:32:38+08:00 ] ::1 /phpProject/personalBlog/Application/Admin/View/Index/__PUBLIC__/admin/css/admin.css
INFO: [ app_init ] --START--
INFO: Run Behavior\BuildLiteBehavior [ RunTime:0.000000s ]
INFO: [ app_init ] --END-- [ RunTime:0.000000s ]
ERR: 无法加载模块:Application

[ 2018-10-31T11:32:38+08:00 ] ::1 /phpProject/personalBlog/Application/Admin/View/Index/__PUBLIC__/admin/js/jquery.js
INFO: [ app_init ] --START--
INFO: Run Behavior\BuildLiteBehavior [ RunTime:0.000000s ]
INFO: [ app_init ] --END-- [ RunTime:0.000000s ]
ERR: 无法加载模块:Application

[ 2018-10-31T11:32:38+08:00 ] ::1 /phpProject/personalBlog/Application/Admin/View/Index/__CONTROLLER__/info.html
INFO: [ app_init ] --START--
INFO: Run Behavior\BuildLiteBehavior [ RunTime:0.000000s ]
INFO: [ app_init ] --END-- [ RunTime:0.000000s ]
ERR: 无法加载模块:Application

[ 2018-10-31T11:33:40+08:00 ] ::1 /phpProject/personalBlog/Application/Admin/View/Index/__PUBLIC__/admin/js/jquery.js
INFO: [ app_init ] --START--
INFO: Run Behavior\BuildLiteBehavior [ RunTime:0.000000s ]
INFO: [ app_init ] --END-- [ RunTime:0.000000s ]
ERR: 无法加载模块:Application

[ 2018-10-31T11:33:40+08:00 ] ::1 /phpProject/personalBlog/Application/Admin/View/Index/__ROOT__/Public/admin/css/pintuer.css
INFO: [ app_init ] --START--
INFO: Run Behavior\BuildLiteBehavior [ RunTime:0.000000s ]
INFO: [ app_init ] --END-- [ RunTime:0.000000s ]
ERR: 无法加载模块:Application

[ 2018-10-31T11:33:40+08:00 ] ::1 /phpProject/personalBlog/Application/Admin/View/Index/__PUBLIC__/admin/css/admin.css
INFO: [ app_init ] --START--
INFO: Run Behavior\BuildLiteBehavior [ RunTime:0.000000s ]
INFO: [ app_init ] --END-- [ RunTime:0.000000s ]
ERR: 无法加载模块:Application

[ 2018-10-31T11:33:40+08:00 ] ::1 /phpProject/personalBlog/Application/Admin/View/Index/__CONTROLLER__/info.html
INFO: [ app_init ] --START--
INFO: Run Behavior\BuildLiteBehavior [ RunTime:0.000000s ]
INFO: [ app_init ] --END-- [ RunTime:0.000000s ]
ERR: 无法加载模块:Application

[ 2018-10-31T11:33:43+08:00 ] ::1 /phpProject/personalBlog/Application/Admin/View/Index/__PUBLIC__/admin/css/admin.css
INFO: [ app_init ] --START--
INFO: Run Behavior\BuildLiteBehavior [ RunTime:0.000000s ]
INFO: [ app_init ] --END-- [ RunTime:0.000000s ]
ERR: 无法加载模块:Application

[ 2018-10-31T11:33:43+08:00 ] ::1 /phpProject/personalBlog/Application/Admin/View/Index/__ROOT__/Public/admin/css/pintuer.css
INFO: [ app_init ] --START--
INFO: Run Behavior\BuildLiteBehavior [ RunTime:0.000000s ]
INFO: [ app_init ] --END-- [ RunTime:0.000000s ]
ERR: 无法加载模块:Application

[ 2018-10-31T11:34:32+08:00 ] ::1 /phpProject/personalBlog/Application/Admin/View/Index/__PUBLIC__/admin/css/pintuer.css
INFO: [ app_init ] --START--
INFO: Run Behavior\BuildLiteBehavior [ RunTime:0.000000s ]
INFO: [ app_init ] --END-- [ RunTime:0.000000s ]
ERR: 无法加载模块:Application

[ 2018-10-31T11:34:32+08:00 ] ::1 /phpProject/personalBlog/Application/Admin/View/Index/__PUBLIC__/admin/js/jquery.js
INFO: [ app_init ] --START--
INFO: Run Behavior\BuildLiteBehavior [ RunTime:0.000000s ]
INFO: [ app_init ] --END-- [ RunTime:0.001000s ]
ERR: 无法加载模块:Application

[ 2018-10-31T11:34:32+08:00 ] ::1 /phpProject/personalBlog/Application/Admin/View/Index/__PUBLIC__/admin/css/admin.css
INFO: [ app_init ] --START--
INFO: Run Behavior\BuildLiteBehavior [ RunTime:0.000000s ]
INFO: [ app_init ] --END-- [ RunTime:0.001000s ]
ERR: 无法加载模块:Application

[ 2018-10-31T11:34:32+08:00 ] ::1 /phpProject/personalBlog/Application/Admin/View/Index/__CONTROLLER__/info.html
INFO: [ app_init ] --START--
INFO: Run Behavior\BuildLiteBehavior [ RunTime:0.000000s ]
INFO: [ app_init ] --END-- [ RunTime:0.000000s ]
ERR: 无法加载模块:Application

[ 2018-10-31T11:34:33+08:00 ] ::1 /phpProject/personalBlog/Application/Admin/View/Index/__PUBLIC__/admin/css/pintuer.css
INFO: [ app_init ] --START--
INFO: Run Behavior\BuildLiteBehavior [ RunTime:0.000000s ]
INFO: [ app_init ] --END-- [ RunTime:0.000000s ]
ERR: 无法加载模块:Application

[ 2018-10-31T11:34:33+08:00 ] ::1 /phpProject/personalBlog/Application/Admin/View/Index/__PUBLIC__/admin/css/admin.css
INFO: [ app_init ] --START--
INFO: Run Behavior\BuildLiteBehavior [ RunTime:0.000000s ]
INFO: [ app_init ] --END-- [ RunTime:0.000000s ]
ERR: 无法加载模块:Application

[ 2018-10-31T11:34:33+08:00 ] ::1 /phpProject/personalBlog/Application/Admin/View/Index/__PUBLIC__/admin/js/jquery.js
INFO: [ app_init ] --START--
INFO: Run Behavior\BuildLiteBehavior [ RunTime:0.000000s ]
INFO: [ app_init ] --END-- [ RunTime:0.000000s ]
ERR: 无法加载模块:Application

[ 2018-10-31T11:34:34+08:00 ] ::1 /phpProject/personalBlog/Application/Admin/View/Index/__CONTROLLER__/info.html
INFO: [ app_init ] --START--
INFO: Run Behavior\BuildLiteBehavior [ RunTime:0.000000s ]
INFO: [ app_init ] --END-- [ RunTime:0.000000s ]
ERR: 无法加载模块:Application

[ 2018-10-31T11:34:34+08:00 ] ::1 /phpProject/personalBlog/Application/Admin/View/Index/__PUBLIC__/admin/css/admin.css
INFO: [ app_init ] --START--
INFO: Run Behavior\BuildLiteBehavior [ RunTime:0.000000s ]
INFO: [ app_init ] --END-- [ RunTime:0.000000s ]
ERR: 无法加载模块:Application

[ 2018-10-31T11:34:34+08:00 ] ::1 /phpProject/personalBlog/Application/Admin/View/Index/__PUBLIC__/admin/css/pintuer.css
INFO: [ app_init ] --START--
INFO: Run Behavior\BuildLiteBehavior [ RunTime:0.000000s ]
INFO: [ app_init ] --END-- [ RunTime:0.000000s ]
ERR: 无法加载模块:Application

[ 2018-10-31T11:34:34+08:00 ] ::1 /phpProject/personalBlog/Application/Admin/View/Index/__PUBLIC__/admin/js/jquery.js
INFO: [ app_init ] --START--
INFO: Run Behavior\BuildLiteBehavior [ RunTime:0.000000s ]
INFO: [ app_init ] --END-- [ RunTime:0.001000s ]
ERR: 无法加载模块:Application

[ 2018-10-31T11:34:34+08:00 ] ::1 /phpProject/personalBlog/Application/Admin/View/Index/__CONTROLLER__/info.html
INFO: [ app_init ] --START--
INFO: Run Behavior\BuildLiteBehavior [ RunTime:0.000000s ]
INFO: [ app_init ] --END-- [ RunTime:0.000000s ]
ERR: 无法加载模块:Application

[ 2018-10-31T11:34:35+08:00 ] ::1 /phpProject/personalBlog/Application/Admin/View/Index/__PUBLIC__/admin/css/pintuer.css
INFO: [ app_init ] --START--
INFO: Run Behavior\BuildLiteBehavior [ RunTime:0.000000s ]
INFO: [ app_init ] --END-- [ RunTime:0.000000s ]
ERR: 无法加载模块:Application

[ 2018-10-31T11:34:35+08:00 ] ::1 /phpProject/personalBlog/Application/Admin/View/Index/__PUBLIC__/admin/css/admin.css
INFO: [ app_init ] --START--
INFO: Run Behavior\BuildLiteBehavior [ RunTime:0.000000s ]
INFO: [ app_init ] --END-- [ RunTime:0.001000s ]
ERR: 无法加载模块:Application

[ 2018-10-31T11:34:35+08:00 ] ::1 /phpProject/personalBlog/Application/Admin/View/Index/__PUBLIC__/admin/js/jquery.js
INFO: [ app_init ] --START--
INFO: Run Behavior\BuildLiteBehavior [ RunTime:0.000000s ]
INFO: [ app_init ] --END-- [ RunTime:0.000000s ]
ERR: 无法加载模块:Application

[ 2018-10-31T11:34:35+08:00 ] ::1 /phpProject/personalBlog/Application/Admin/View/Index/__CONTROLLER__/info.html
INFO: [ app_init ] --START--
INFO: Run Behavior\BuildLiteBehavior [ RunTime:0.000000s ]
INFO: [ app_init ] --END-- [ RunTime:0.000000s ]
ERR: 无法加载模块:Application

[ 2018-10-31T11:34:36+08:00 ] ::1 /phpProject/personalBlog/Application/Admin/View/Index/__PUBLIC__/admin/css/pintuer.css
INFO: [ app_init ] --START--
INFO: Run Behavior\BuildLiteBehavior [ RunTime:0.000000s ]
INFO: [ app_init ] --END-- [ RunTime:0.000000s ]
ERR: 无法加载模块:Application

[ 2018-10-31T11:34:36+08:00 ] ::1 /phpProject/personalBlog/Application/Admin/View/Index/__PUBLIC__/admin/css/admin.css
INFO: [ app_init ] --START--
INFO: Run Behavior\BuildLiteBehavior [ RunTime:0.000000s ]
INFO: [ app_init ] --END-- [ RunTime:0.001000s ]
ERR: 无法加载模块:Application

[ 2018-10-31T11:34:36+08:00 ] ::1 /phpProject/personalBlog/Application/Admin/View/Index/__PUBLIC__/admin/js/jquery.js
INFO: [ app_init ] --START--
INFO: Run Behavior\BuildLiteBehavior [ RunTime:0.001000s ]
INFO: [ app_init ] --END-- [ RunTime:0.001000s ]
ERR: 无法加载模块:Application

[ 2018-10-31T11:34:36+08:00 ] ::1 /phpProject/personalBlog/Application/Admin/View/Index/__CONTROLLER__/info.html
INFO: [ app_init ] --START--
INFO: Run Behavior\BuildLiteBehavior [ RunTime:0.000000s ]
INFO: [ app_init ] --END-- [ RunTime:0.001000s ]
ERR: 无法加载模块:Application

[ 2018-10-31T11:34:36+08:00 ] ::1 /phpProject/personalBlog/Application/Admin/View/Index/__PUBLIC__/admin/css/admin.css
INFO: [ app_init ] --START--
INFO: Run Behavior\BuildLiteBehavior [ RunTime:0.000000s ]
INFO: [ app_init ] --END-- [ RunTime:0.000000s ]
ERR: 无法加载模块:Application

[ 2018-10-31T11:34:36+08:00 ] ::1 /phpProject/personalBlog/Application/Admin/View/Index/__PUBLIC__/admin/css/pintuer.css
INFO: [ app_init ] --START--
INFO: Run Behavior\BuildLiteBehavior [ RunTime:0.000000s ]
INFO: [ app_init ] --END-- [ RunTime:0.001000s ]
ERR: 无法加载模块:Application

[ 2018-10-31T11:34:36+08:00 ] ::1 /phpProject/personalBlog/Application/Admin/View/Index/__PUBLIC__/admin/js/jquery.js
INFO: [ app_init ] --START--
INFO: Run Behavior\BuildLiteBehavior [ RunTime:0.000000s ]
INFO: [ app_init ] --END-- [ RunTime:0.000000s ]
ERR: 无法加载模块:Application

[ 2018-10-31T11:34:36+08:00 ] ::1 /phpProject/personalBlog/Application/Admin/View/Index/__CONTROLLER__/info.html
INFO: [ app_init ] --START--
INFO: Run Behavior\BuildLiteBehavior [ RunTime:0.000000s ]
INFO: [ app_init ] --END-- [ RunTime:0.001000s ]
ERR: 无法加载模块:Application

[ 2018-10-31T11:34:36+08:00 ] ::1 /phpProject/personalBlog/Application/Admin/View/Index/__PUBLIC__/admin/js/jquery.js
INFO: [ app_init ] --START--
INFO: Run Behavior\BuildLiteBehavior [ RunTime:0.000000s ]
INFO: [ app_init ] --END-- [ RunTime:0.000000s ]
ERR: 无法加载模块:Application

[ 2018-10-31T11:34:36+08:00 ] ::1 /phpProject/personalBlog/Application/Admin/View/Index/__PUBLIC__/admin/css/pintuer.css
INFO: [ app_init ] --START--
INFO: Run Behavior\BuildLiteBehavior [ RunTime:0.000000s ]
INFO: [ app_init ] --END-- [ RunTime:0.000000s ]
ERR: 无法加载模块:Application

[ 2018-10-31T11:34:36+08:00 ] ::1 /phpProject/personalBlog/Application/Admin/View/Index/__PUBLIC__/admin/css/admin.css
INFO: [ app_init ] --START--
INFO: Run Behavior\BuildLiteBehavior [ RunTime:0.000000s ]
INFO: [ app_init ] --END-- [ RunTime:0.001000s ]
ERR: 无法加载模块:Application

[ 2018-10-31T11:34:36+08:00 ] ::1 /phpProject/personalBlog/Application/Admin/View/Index/__CONTROLLER__/info.html
INFO: [ app_init ] --START--
INFO: Run Behavior\BuildLiteBehavior [ RunTime:0.000000s ]
INFO: [ app_init ] --END-- [ RunTime:0.001000s ]
ERR: 无法加载模块:Application

[ 2018-10-31T11:34:36+08:00 ] ::1 /phpProject/personalBlog/Application/Admin/View/Index/__PUBLIC__/admin/css/pintuer.css
INFO: [ app_init ] --START--
INFO: Run Behavior\BuildLiteBehavior [ RunTime:0.000000s ]
INFO: [ app_init ] --END-- [ RunTime:0.001000s ]
ERR: 无法加载模块:Application

[ 2018-10-31T11:34:36+08:00 ] ::1 /phpProject/personalBlog/Application/Admin/View/Index/__PUBLIC__/admin/css/admin.css
INFO: [ app_init ] --START--
INFO: Run Behavior\BuildLiteBehavior [ RunTime:0.000000s ]
INFO: [ app_init ] --END-- [ RunTime:0.000000s ]
ERR: 无法加载模块:Application

[ 2018-10-31T11:34:36+08:00 ] ::1 /phpProject/personalBlog/Application/Admin/View/Index/__PUBLIC__/admin/js/jquery.js
INFO: [ app_init ] --START--
INFO: Run Behavior\BuildLiteBehavior [ RunTime:0.000000s ]
INFO: [ app_init ] --END-- [ RunTime:0.018001s ]
ERR: 无法加载模块:Application

[ 2018-10-31T11:34:36+08:00 ] ::1 /phpProject/personalBlog/Application/Admin/View/Index/__CONTROLLER__/info.html
INFO: [ app_init ] --START--
INFO: Run Behavior\BuildLiteBehavior [ RunTime:0.000000s ]
INFO: [ app_init ] --END-- [ RunTime:0.000000s ]
ERR: 无法加载模块:Application

[ 2018-10-31T11:34:37+08:00 ] ::1 /phpProject/personalBlog/Application/Admin/View/Index/__PUBLIC__/admin/js/jquery.js
INFO: [ app_init ] --START--
INFO: Run Behavior\BuildLiteBehavior [ RunTime:0.000000s ]
INFO: [ app_init ] --END-- [ RunTime:0.000000s ]
ERR: 无法加载模块:Application

[ 2018-10-31T11:34:37+08:00 ] ::1 /phpProject/personalBlog/Application/Admin/View/Index/__PUBLIC__/admin/css/admin.css
INFO: [ app_init ] --START--
INFO: Run Behavior\BuildLiteBehavior [ RunTime:0.000000s ]
INFO: [ app_init ] --END-- [ RunTime:0.000000s ]
ERR: 无法加载模块:Application

[ 2018-10-31T11:34:37+08:00 ] ::1 /phpProject/personalBlog/Application/Admin/View/Index/__PUBLIC__/admin/css/pintuer.css
INFO: [ app_init ] --START--
INFO: Run Behavior\BuildLiteBehavior [ RunTime:0.000000s ]
INFO: [ app_init ] --END-- [ RunTime:0.000000s ]
ERR: 无法加载模块:Application

[ 2018-10-31T11:34:37+08:00 ] ::1 /phpProject/personalBlog/Application/Admin/View/Index/__CONTROLLER__/info.html
INFO: [ app_init ] --START--
INFO: Run Behavior\BuildLiteBehavior [ RunTime:0.000000s ]
INFO: [ app_init ] --END-- [ RunTime:0.000000s ]
ERR: 无法加载模块:Application

[ 2018-10-31T11:38:55+08:00 ] ::1 /personalBlog/Application/Admin/View/Index/__PUBLIC__/admin/css/admin.css
INFO: [ app_init ] --START--
INFO: Run Behavior\BuildLiteBehavior [ RunTime:0.000000s ]
INFO: [ app_init ] --END-- [ RunTime:0.000000s ]
ERR: 无法加载模块:Application

[ 2018-10-31T11:38:55+08:00 ] ::1 /personalBlog/Application/Admin/View/Index/__PUBLIC__/admin/js/jquery.js
INFO: [ app_init ] --START--
INFO: Run Behavior\BuildLiteBehavior [ RunTime:0.000000s ]
INFO: [ app_init ] --END-- [ RunTime:0.000000s ]
ERR: 无法加载模块:Application

[ 2018-10-31T11:38:55+08:00 ] ::1 /personalBlog/Application/Admin/View/Index/__PUBLIC__/admin/css/pintuer.css
INFO: [ app_init ] --START--
INFO: Run Behavior\BuildLiteBehavior [ RunTime:0.000000s ]
INFO: [ app_init ] --END-- [ RunTime:0.000000s ]
ERR: 无法加载模块:Application

[ 2018-10-31T11:38:56+08:00 ] ::1 /personalBlog/Application/Admin/View/Index/__CONTROLLER__/info.html
INFO: [ app_init ] --START--
INFO: Run Behavior\BuildLiteBehavior [ RunTime:0.000000s ]
INFO: [ app_init ] --END-- [ RunTime:0.000000s ]
ERR: 无法加载模块:Application

[ 2018-10-31T11:40:13+08:00 ] ::1 /personalBlog/Application/Admin/View/Index/__PUBLIC__/admin/css/pintuer.css
INFO: [ app_init ] --START--
INFO: Run Behavior\BuildLiteBehavior [ RunTime:0.000000s ]
INFO: [ app_init ] --END-- [ RunTime:0.000000s ]
ERR: 无法加载模块:Application

[ 2018-10-31T11:40:13+08:00 ] ::1 /personalBlog/Application/Admin/View/Index/__PUBLIC__/admin/css/admin.css
INFO: [ app_init ] --START--
INFO: Run Behavior\BuildLiteBehavior [ RunTime:0.000000s ]
INFO: [ app_init ] --END-- [ RunTime:0.000000s ]
ERR: 无法加载模块:Application

[ 2018-10-31T11:40:13+08:00 ] ::1 /personalBlog/Application/Admin/View/Index/__PUBLIC__/admin/js/jquery.js
INFO: [ app_init ] --START--
INFO: Run Behavior\BuildLiteBehavior [ RunTime:0.000000s ]
INFO: [ app_init ] --END-- [ RunTime:0.000000s ]
ERR: 无法加载模块:Application

[ 2018-10-31T11:40:13+08:00 ] ::1 /personalBlog/Application/Admin/View/Index/__CONTROLLER__/info.html
INFO: [ app_init ] --START--
INFO: Run Behavior\BuildLiteBehavior [ RunTime:0.000000s ]
INFO: [ app_init ] --END-- [ RunTime:0.001000s ]
ERR: 无法加载模块:Application

[ 2018-10-31T11:40:13+08:00 ] ::1 /personalBlog/Application/Admin/View/Index/__PUBLIC__/admin/css/admin.css
INFO: [ app_init ] --START--
INFO: Run Behavior\BuildLiteBehavior [ RunTime:0.000000s ]
INFO: [ app_init ] --END-- [ RunTime:0.000000s ]
ERR: 无法加载模块:Application

[ 2018-10-31T11:40:13+08:00 ] ::1 /personalBlog/Application/Admin/View/Index/__PUBLIC__/admin/css/pintuer.css
INFO: [ app_init ] --START--
INFO: Run Behavior\BuildLiteBehavior [ RunTime:0.000000s ]
INFO: [ app_init ] --END-- [ RunTime:0.001001s ]
ERR: 无法加载模块:Application

[ 2018-10-31T11:40:13+08:00 ] ::1 /personalBlog/Application/Admin/View/Index/__PUBLIC__/admin/js/jquery.js
INFO: [ app_init ] --START--
INFO: Run Behavior\BuildLiteBehavior [ RunTime:0.000000s ]
INFO: [ app_init ] --END-- [ RunTime:0.000000s ]
ERR: 无法加载模块:Application

[ 2018-10-31T11:40:13+08:00 ] ::1 /personalBlog/Application/Admin/View/Index/__CONTROLLER__/info.html
INFO: [ app_init ] --START--
INFO: Run Behavior\BuildLiteBehavior [ RunTime:0.000000s ]
INFO: [ app_init ] --END-- [ RunTime:0.001000s ]
ERR: 无法加载模块:Application

[ 2018-10-31T11:40:13+08:00 ] ::1 /personalBlog/Application/Admin/View/Index/__PUBLIC__/admin/css/pintuer.css
INFO: [ app_init ] --START--
INFO: Run Behavior\BuildLiteBehavior [ RunTime:0.000000s ]
INFO: [ app_init ] --END-- [ RunTime:0.000000s ]
ERR: 无法加载模块:Application

[ 2018-10-31T11:40:13+08:00 ] ::1 /personalBlog/Application/Admin/View/Index/__PUBLIC__/admin/css/admin.css
INFO: [ app_init ] --START--
INFO: Run Behavior\BuildLiteBehavior [ RunTime:0.000000s ]
INFO: [ app_init ] --END-- [ RunTime:0.001000s ]
ERR: 无法加载模块:Application

[ 2018-10-31T11:40:13+08:00 ] ::1 /personalBlog/Application/Admin/View/Index/__PUBLIC__/admin/js/jquery.js
INFO: [ app_init ] --START--
INFO: Run Behavior\BuildLiteBehavior [ RunTime:0.000000s ]
INFO: [ app_init ] --END-- [ RunTime:0.000000s ]
ERR: 无法加载模块:Application

[ 2018-10-31T11:40:13+08:00 ] ::1 /personalBlog/Application/Admin/View/Index/__CONTROLLER__/info.html
INFO: [ app_init ] --START--
INFO: Run Behavior\BuildLiteBehavior [ RunTime:0.000000s ]
INFO: [ app_init ] --END-- [ RunTime:0.000000s ]
ERR: 无法加载模块:Application

[ 2018-10-31T11:40:14+08:00 ] ::1 /personalBlog/Application/Admin/View/Index/__PUBLIC__/admin/css/pintuer.css
INFO: [ app_init ] --START--
INFO: Run Behavior\BuildLiteBehavior [ RunTime:0.000000s ]
INFO: [ app_init ] --END-- [ RunTime:0.000000s ]
ERR: 无法加载模块:Application

[ 2018-10-31T11:40:14+08:00 ] ::1 /personalBlog/Application/Admin/View/Index/__PUBLIC__/admin/css/admin.css
INFO: [ app_init ] --START--
INFO: Run Behavior\BuildLiteBehavior [ RunTime:0.000000s ]
INFO: [ app_init ] --END-- [ RunTime:0.000000s ]
ERR: 无法加载模块:Application

[ 2018-10-31T11:40:14+08:00 ] ::1 /personalBlog/Application/Admin/View/Index/__PUBLIC__/admin/js/jquery.js
INFO: [ app_init ] --START--
INFO: Run Behavior\BuildLiteBehavior [ RunTime:0.000000s ]
INFO: [ app_init ] --END-- [ RunTime:0.000000s ]
ERR: 无法加载模块:Application

[ 2018-10-31T11:40:14+08:00 ] ::1 /personalBlog/Application/Admin/View/Index/__CONTROLLER__/info.html
INFO: [ app_init ] --START--
INFO: Run Behavior\BuildLiteBehavior [ RunTime:0.000000s ]
INFO: [ app_init ] --END-- [ RunTime:0.000000s ]
ERR: 无法加载模块:Application

[ 2018-10-31T11:40:14+08:00 ] ::1 /personalBlog/Application/Admin/View/Index/__PUBLIC__/admin/css/admin.css
INFO: [ app_init ] --START--
INFO: Run Behavior\BuildLiteBehavior [ RunTime:0.000000s ]
INFO: [ app_init ] --END-- [ RunTime:0.000000s ]
ERR: 无法加载模块:Application

[ 2018-10-31T11:40:14+08:00 ] ::1 /personalBlog/Application/Admin/View/Index/__PUBLIC__/admin/js/jquery.js
INFO: [ app_init ] --START--
INFO: Run Behavior\BuildLiteBehavior [ RunTime:0.000000s ]
INFO: [ app_init ] --END-- [ RunTime:0.000000s ]
ERR: 无法加载模块:Application

[ 2018-10-31T11:40:14+08:00 ] ::1 /personalBlog/Application/Admin/View/Index/__PUBLIC__/admin/css/pintuer.css
INFO: [ app_init ] --START--
INFO: Run Behavior\BuildLiteBehavior [ RunTime:0.001000s ]
INFO: [ app_init ] --END-- [ RunTime:0.001000s ]
ERR: 无法加载模块:Application

[ 2018-10-31T11:40:14+08:00 ] ::1 /personalBlog/Application/Admin/View/Index/__CONTROLLER__/info.html
INFO: [ app_init ] --START--
INFO: Run Behavior\BuildLiteBehavior [ RunTime:0.000000s ]
INFO: [ app_init ] --END-- [ RunTime:0.000000s ]
ERR: 无法加载模块:Application

[ 2018-10-31T11:40:14+08:00 ] ::1 /personalBlog/Application/Admin/View/Index/__PUBLIC__/admin/js/jquery.js
INFO: [ app_init ] --START--
INFO: Run Behavior\BuildLiteBehavior [ RunTime:0.000000s ]
INFO: [ app_init ] --END-- [ RunTime:0.001000s ]
ERR: 无法加载模块:Application

[ 2018-10-31T11:40:14+08:00 ] ::1 /personalBlog/Application/Admin/View/Index/__PUBLIC__/admin/css/admin.css
INFO: [ app_init ] --START--
INFO: Run Behavior\BuildLiteBehavior [ RunTime:0.000000s ]
INFO: [ app_init ] --END-- [ RunTime:0.001000s ]
ERR: 无法加载模块:Application

[ 2018-10-31T11:40:14+08:00 ] ::1 /personalBlog/Application/Admin/View/Index/__PUBLIC__/admin/css/pintuer.css
INFO: [ app_init ] --START--
INFO: Run Behavior\BuildLiteBehavior [ RunTime:0.000000s ]
INFO: [ app_init ] --END-- [ RunTime:0.001000s ]
ERR: 无法加载模块:Application

[ 2018-10-31T11:40:14+08:00 ] ::1 /personalBlog/Application/Admin/View/Index/__CONTROLLER__/info.html
INFO: [ app_init ] --START--
INFO: Run Behavior\BuildLiteBehavior [ RunTime:0.000000s ]
INFO: [ app_init ] --END-- [ RunTime:0.000000s ]
ERR: 无法加载模块:Application

[ 2018-10-31T11:40:15+08:00 ] ::1 /personalBlog/Application/Admin/View/Index/__PUBLIC__/admin/css/admin.css
INFO: [ app_init ] --START--
INFO: Run Behavior\BuildLiteBehavior [ RunTime:0.000000s ]
INFO: [ app_init ] --END-- [ RunTime:0.000000s ]
ERR: 无法加载模块:Application

[ 2018-10-31T11:40:15+08:00 ] ::1 /personalBlog/Application/Admin/View/Index/__PUBLIC__/admin/css/pintuer.css
INFO: [ app_init ] --START--
INFO: Run Behavior\BuildLiteBehavior [ RunTime:0.000000s ]
INFO: [ app_init ] --END-- [ RunTime:0.001000s ]
ERR: 无法加载模块:Application

[ 2018-10-31T11:40:15+08:00 ] ::1 /personalBlog/Application/Admin/View/Index/__PUBLIC__/admin/js/jquery.js
INFO: [ app_init ] --START--
INFO: Run Behavior\BuildLiteBehavior [ RunTime:0.000000s ]
INFO: [ app_init ] --END-- [ RunTime:0.000000s ]
ERR: 无法加载模块:Application

[ 2018-10-31T11:40:15+08:00 ] ::1 /personalBlog/Application/Admin/View/Index/__CONTROLLER__/info.html
INFO: [ app_init ] --START--
INFO: Run Behavior\BuildLiteBehavior [ RunTime:0.000000s ]
INFO: [ app_init ] --END-- [ RunTime:0.001000s ]
ERR: 无法加载模块:Application

[ 2018-10-31T11:40:17+08:00 ] ::1 /personalBlog/Application/Admin/View/Index/__PUBLIC__/admin/css/admin.css
INFO: [ app_init ] --START--
INFO: Run Behavior\BuildLiteBehavior [ RunTime:0.000000s ]
INFO: [ app_init ] --END-- [ RunTime:0.000000s ]
ERR: 无法加载模块:Application

[ 2018-10-31T11:40:17+08:00 ] ::1 /personalBlog/Application/Admin/View/Index/__PUBLIC__/admin/css/pintuer.css
INFO: [ app_init ] --START--
INFO: Run Behavior\BuildLiteBehavior [ RunTime:0.000000s ]
INFO: [ app_init ] --END-- [ RunTime:0.000000s ]
ERR: 无法加载模块:Application

[ 2018-10-31T11:41:37+08:00 ] ::1 /personalBlog/Application/Admin/View/Index/__CONTROLLER__/info.html
INFO: [ app_init ] --START--
INFO: Run Behavior\BuildLiteBehavior [ RunTime:0.000000s ]
INFO: [ app_init ] --END-- [ RunTime:0.000000s ]
ERR: 无法加载模块:Application

[ 2018-10-31T11:43:32+08:00 ] ::1 /personalBlog/Public/admin/css/laydate.css
INFO: [ app_init ] --START--
INFO: Run Behavior\BuildLiteBehavior [ RunTime:0.000000s ]
INFO: [ app_init ] --END-- [ RunTime:0.000000s ]
ERR: 无法加载模块:Public

[ 2018-10-31T11:43:41+08:00 ] ::1 /personalBlog/Public/admin/css/laydate.css
INFO: [ app_init ] --START--
INFO: Run Behavior\BuildLiteBehavior [ RunTime:0.000000s ]
INFO: [ app_init ] --END-- [ RunTime:0.000000s ]
ERR: 无法加载模块:Public

[ 2018-10-31T11:44:21+08:00 ] ::1 /personalBlog/Public/admin/js/laydate/laydate.js
INFO: [ app_init ] --START--
INFO: Run Behavior\BuildLiteBehavior [ RunTime:0.000000s ]
INFO: [ app_init ] --END-- [ RunTime:0.000000s ]
ERR: 无法加载模块:Public

[ 2018-10-31T11:44:31+08:00 ] ::1 /personalBlog/Public/admin/js/laydate/laydate.js
INFO: [ app_init ] --START--
INFO: Run Behavior\BuildLiteBehavior [ RunTime:0.000000s ]
INFO: [ app_init ] --END-- [ RunTime:0.001000s ]
ERR: 无法加载模块:Public

[ 2018-10-31T11:44:50+08:00 ] ::1 /personalBlog/Public/admin/css/laydate.css
INFO: [ app_init ] --START--
INFO: Run Behavior\BuildLiteBehavior [ RunTime:0.000000s ]
INFO: [ app_init ] --END-- [ RunTime:0.000000s ]
ERR: 无法加载模块:Public

[ 2018-10-31T12:07:31+08:00 ] ::1 /personalBlog/Public/admin/css/laydate.css
INFO: [ app_init ] --START--
INFO: Run Behavior\BuildLiteBehavior [ RunTime:0.000000s ]
INFO: [ app_init ] --END-- [ RunTime:0.000000s ]
ERR: 无法加载模块:Public

[ 2018-10-31T12:10:52+08:00 ] ::1 /personalBlog/Public/admin/css/laydate.css
INFO: [ app_init ] --START--
INFO: Run Behavior\BuildLiteBehavior [ RunTime:0.000000s ]
INFO: [ app_init ] --END-- [ RunTime:0.000000s ]
ERR: 无法加载模块:Public

[ 2018-10-31T12:12:26+08:00 ] ::1 /personalBlog/Public/admin/css/laydate.css
INFO: [ app_init ] --START--
INFO: Run Behavior\BuildLiteBehavior [ RunTime:0.000000s ]
INFO: [ app_init ] --END-- [ RunTime:0.000000s ]
ERR: 无法加载模块:Public

[ 2018-10-31T12:12:47+08:00 ] ::1 /personalBlog/Public/admin/css/laydate.css
INFO: [ app_init ] --START--
INFO: Run Behavior\BuildLiteBehavior [ RunTime:0.000000s ]
INFO: [ app_init ] --END-- [ RunTime:0.001000s ]
ERR: 无法加载模块:Public

[ 2018-10-31T12:15:38+08:00 ] ::1 /personalBlog/Public/admin/css/laydate.css
INFO: [ app_init ] --START--
INFO: Run Behavior\BuildLiteBehavior [ RunTime:0.000000s ]
INFO: [ app_init ] --END-- [ RunTime:0.000000s ]
ERR: 无法加载模块:Public

[ 2018-10-31T13:31:58+08:00 ] ::1 /personalBlog/Public/admin/css/laydate.css
INFO: [ app_init ] --START--
INFO: Run Behavior\BuildLiteBehavior [ RunTime:0.000000s ]
INFO: [ app_init ] --END-- [ RunTime:0.000000s ]
ERR: 无法加载模块:Public

[ 2018-10-31T13:32:11+08:00 ] ::1 /personalBlog/Public/admin/css/laydate.css
INFO: [ app_init ] --START--
INFO: Run Behavior\BuildLiteBehavior [ RunTime:0.000000s ]
INFO: [ app_init ] --END-- [ RunTime:0.001000s ]
ERR: 无法加载模块:Public

[ 2018-10-31T13:42:25+08:00 ] ::1 /personalBlog/Public/admin/css/laydate.css
INFO: [ app_init ] --START--
INFO: Run Behavior\BuildLiteBehavior [ RunTime:0.000000s ]
INFO: [ app_init ] --END-- [ RunTime:0.001000s ]
ERR: 无法加载模块:Public

[ 2018-10-31T13:44:02+08:00 ] ::1 /personalBlog/Public/admin/css/laydate.css
INFO: [ app_init ] --START--
INFO: Run Behavior\BuildLiteBehavior [ RunTime:0.000000s ]
INFO: [ app_init ] --END-- [ RunTime:0.000000s ]
ERR: 无法加载模块:Public

[ 2018-10-31T13:46:02+08:00 ] ::1 /personalBlog/Public/admin/css/laydate.css
INFO: [ app_init ] --START--
INFO: Run Behavior\BuildLiteBehavior [ RunTime:0.000000s ]
INFO: [ app_init ] --END-- [ RunTime:0.001000s ]
ERR: 无法加载模块:Public

[ 2018-10-31T13:50:42+08:00 ] ::1 /personalBlog/Public/admin/css/laydate.css
INFO: [ app_init ] --START--
INFO: Run Behavior\BuildLiteBehavior [ RunTime:0.000000s ]
INFO: [ app_init ] --END-- [ RunTime:0.001000s ]
ERR: 无法加载模块:Public

[ 2018-10-31T13:53:46+08:00 ] ::1 /personalBlog/Public/admin/css/laydate.css
INFO: [ app_init ] --START--
INFO: Run Behavior\BuildLiteBehavior [ RunTime:0.000000s ]
INFO: [ app_init ] --END-- [ RunTime:0.000000s ]
ERR: 无法加载模块:Public

[ 2018-10-31T14:22:54+08:00 ] ::1 /personalBlog/Public/admin/css/laydate.css
INFO: [ app_init ] --START--
INFO: Run Behavior\BuildLiteBehavior [ RunTime:0.000000s ]
INFO: [ app_init ] --END-- [ RunTime:0.000000s ]
ERR: 无法加载模块:Public

[ 2018-10-31T14:24:54+08:00 ] ::1 /personalBlog/Public/admin/css/laydate.css
INFO: [ app_init ] --START--
INFO: Run Behavior\BuildLiteBehavior [ RunTime:0.000000s ]
INFO: [ app_init ] --END-- [ RunTime:0.000000s ]
ERR: 无法加载模块:Public

[ 2018-10-31T15:01:13+08:00 ] ::1 /personalBlog/Public/admin/js/laydate/laydate.js
INFO: [ app_init ] --START--
INFO: Run Behavior\BuildLiteBehavior [ RunTime:0.000000s ]
INFO: [ app_init ] --END-- [ RunTime:0.000000s ]
ERR: 无法加载模块:Public

[ 2018-10-31T15:01:13+08:00 ] ::1 /personalBlog/Public/admin/js/laydate/laydate.js
INFO: [ app_init ] --START--
INFO: Run Behavior\BuildLiteBehavior [ RunTime:0.000000s ]
INFO: [ app_init ] --END-- [ RunTime:0.001000s ]
ERR: 无法加载模块:Public

[ 2018-10-31T16:48:42+08:00 ] ::1 /personalBlog/Public/admin/css/laydate.css
INFO: [ app_init ] --START--
INFO: Run Behavior\BuildLiteBehavior [ RunTime:0.000000s ]
INFO: [ app_init ] --END-- [ RunTime:0.001000s ]
ERR: 无法加载模块:Public

