[ 2018-09-19T10:40:33+08:00 ] ::1 /personalBlog/Admin/View/Index/index.html
INFO: [ app_init ] --START--
INFO: Run Behavior\BuildLiteBehavior [ RunTime:0.000000s ]
INFO: [ app_init ] --END-- [ RunTime:0.001000s ]
INFO: [ app_begin ] --START--
INFO: Run Behavior\ReadHtmlCacheBehavior [ RunTime:0.030002s ]
INFO: [ app_begin ] --END-- [ RunTime:0.030002s ]
ERR: 无法加载控制器:View

[ 2018-09-19T10:40:39+08:00 ] ::1 /personalBlog/Admin/Index/index.html
INFO: [ app_init ] --START--
INFO: Run Behavior\BuildLiteBehavior [ RunTime:0.000000s ]
INFO: [ app_init ] --END-- [ RunTime:0.001000s ]
INFO: [ app_begin ] --START--
INFO: Run Behavior\ReadHtmlCacheBehavior [ RunTime:0.001000s ]
INFO: [ app_begin ] --END-- [ RunTime:0.001000s ]
INFO: [ view_parse ] --START--
INFO: [ template_filter ] --START--
INFO: Run Behavior\ContentReplaceBehavior [ RunTime:0.000000s ]
INFO: [ template_filter ] --END-- [ RunTime:0.000000s ]
NOTIC: [8] Use of undefined constant ADMIN_PUBLIC - assumed 'ADMIN_PUBLIC' D:\phpStudy\WWW\personalBlog\Application\Runtime\Cache\Admin\b595b808c2ebeeeb0478ffc30bb4e87a.php 第 18 行.
INFO: Run Behavior\ParseTemplateBehavior [ RunTime:0.142008s ]
INFO: [ view_parse ] --END-- [ RunTime:0.142008s ]
INFO: [ view_filter ] --START--
INFO: Run Behavior\WriteHtmlCacheBehavior [ RunTime:0.014001s ]
INFO: [ view_filter ] --END-- [ RunTime:0.014001s ]
INFO: [ app_end ] --START--
INFO: Run Behavior\ShowPageTraceBehavior [ RunTime:0.022001s ]
INFO: [ app_end ] --END-- [ RunTime:0.022001s ]

[ 2018-09-19T10:40:39+08:00 ] ::1 /personalBlog/Admin/Index/ADMIN_PUBLICimages/y.jpg
INFO: [ app_init ] --START--
INFO: Run Behavior\BuildLiteBehavior [ RunTime:0.000000s ]
INFO: [ app_init ] --END-- [ RunTime:0.000000s ]

[ 2018-09-19T10:40:40+08:00 ] ::1 /personalBlog/index.php/Admin/Index/info.html
INFO: [ app_init ] --START--
INFO: Run Behavior\BuildLiteBehavior [ RunTime:0.000000s ]
INFO: [ app_init ] --END-- [ RunTime:0.001000s ]
INFO: [ app_begin ] --START--
INFO: Run Behavior\ReadHtmlCacheBehavior [ RunTime:0.000000s ]
INFO: [ app_begin ] --END-- [ RunTime:0.000000s ]
INFO: [ view_parse ] --START--
INFO: [ template_filter ] --START--
INFO: Run Behavior\ContentReplaceBehavior [ RunTime:0.000000s ]
INFO: [ template_filter ] --END-- [ RunTime:0.000000s ]
INFO: Run Behavior\ParseTemplateBehavior [ RunTime:0.166010s ]
INFO: [ view_parse ] --END-- [ RunTime:0.167010s ]
INFO: [ view_filter ] --START--
INFO: Run Behavior\WriteHtmlCacheBehavior [ RunTime:0.000000s ]
INFO: [ view_filter ] --END-- [ RunTime:0.000000s ]
INFO: [ app_end ] --START--
INFO: Run Behavior\ShowPageTraceBehavior [ RunTime:0.001000s ]
INFO: [ app_end ] --END-- [ RunTime:0.001000s ]

[ 2018-09-19T10:42:01+08:00 ] ::1 /personalBlog/index.php/Admin/Article/lst
INFO: [ app_init ] --START--
INFO: Run Behavior\BuildLiteBehavior [ RunTime:0.000000s ]
INFO: [ app_init ] --END-- [ RunTime:0.001000s ]
INFO: [ app_begin ] --START--
INFO: Run Behavior\ReadHtmlCacheBehavior [ RunTime:0.001000s ]
INFO: [ app_begin ] --END-- [ RunTime:0.001000s ]
SQL: SHOW COLUMNS FROM `article` [ RunTime:0.1030s ]
SQL: SELECT * FROM `article` ORDER BY sortId asc  [ RunTime:0.0220s ]
INFO: [ view_parse ] --START--
INFO: [ template_filter ] --START--
INFO: Run Behavior\ContentReplaceBehavior [ RunTime:0.000000s ]
INFO: [ template_filter ] --END-- [ RunTime:0.000000s ]
NOTIC: [8] Undefined index: sortId D:\phpStudy\WWW\personalBlog\Application\Runtime\Cache\Admin\3233ce5cce332a117b52d9b8831cbcfa.php 第 41 行.
INFO: Run Behavior\ParseTemplateBehavior [ RunTime:0.068004s ]
INFO: [ view_parse ] --END-- [ RunTime:0.068004s ]
INFO: [ view_filter ] --START--
INFO: Run Behavior\WriteHtmlCacheBehavior [ RunTime:0.001000s ]
INFO: [ view_filter ] --END-- [ RunTime:0.001000s ]
INFO: [ app_end ] --START--
INFO: Run Behavior\ShowPageTraceBehavior [ RunTime:0.000000s ]
INFO: [ app_end ] --END-- [ RunTime:0.001000s ]

[ 2018-09-19T10:42:03+08:00 ] ::1 /personalBlog/index.php/Admin/Article/edit/id/34
INFO: [ app_init ] --START--
INFO: Run Behavior\BuildLiteBehavior [ RunTime:0.000000s ]
INFO: [ app_init ] --END-- [ RunTime:0.001000s ]
INFO: [ app_begin ] --START--
INFO: Run Behavior\ReadHtmlCacheBehavior [ RunTime:0.001000s ]
INFO: [ app_begin ] --END-- [ RunTime:0.001000s ]
SQL: SHOW COLUMNS FROM `article` [ RunTime:0.0090s ]
SQL: SELECT * FROM `article` WHERE `article_id` = 34 LIMIT 1   [ RunTime:0.0010s ]
INFO: [ view_parse ] --START--
INFO: [ template_filter ] --START--
INFO: Run Behavior\ContentReplaceBehavior [ RunTime:0.000000s ]
INFO: [ template_filter ] --END-- [ RunTime:0.000000s ]
NOTIC: [8] Undefined variable: iscid D:\phpStudy\WWW\personalBlog\Application\Runtime\Cache\Admin\761055de2f430bef08441163fbb8bda7.php 第 40 行.
NOTIC: [8] Undefined index: sortId D:\phpStudy\WWW\personalBlog\Application\Runtime\Cache\Admin\761055de2f430bef08441163fbb8bda7.php 第 87 行.
NOTIC: [8] Undefined index: clickCount D:\phpStudy\WWW\personalBlog\Application\Runtime\Cache\Admin\761055de2f430bef08441163fbb8bda7.php 第 115 行.
INFO: Run Behavior\ParseTemplateBehavior [ RunTime:0.028001s ]
INFO: [ view_parse ] --END-- [ RunTime:0.028001s ]
INFO: [ view_filter ] --START--
INFO: Run Behavior\WriteHtmlCacheBehavior [ RunTime:0.001000s ]
INFO: [ view_filter ] --END-- [ RunTime:0.001000s ]
INFO: [ app_end ] --START--
INFO: Run Behavior\ShowPageTraceBehavior [ RunTime:0.001000s ]
INFO: [ app_end ] --END-- [ RunTime:0.001000s ]

[ 2018-09-19T10:42:07+08:00 ] ::1 /personalBlog/index.php/Admin/Article/lst
INFO: [ app_init ] --START--
INFO: Run Behavior\BuildLiteBehavior [ RunTime:0.000000s ]
INFO: [ app_init ] --END-- [ RunTime:0.000000s ]
INFO: [ app_begin ] --START--
INFO: Run Behavior\ReadHtmlCacheBehavior [ RunTime:0.002000s ]
INFO: [ app_begin ] --END-- [ RunTime:0.002000s ]
SQL: SHOW COLUMNS FROM `article` [ RunTime:0.0110s ]
SQL: SELECT * FROM `article` ORDER BY sortId asc  [ RunTime:0.0000s ]
INFO: [ view_parse ] --START--
INFO: [ template_filter ] --START--
INFO: Run Behavior\ContentReplaceBehavior [ RunTime:0.000000s ]
INFO: [ template_filter ] --END-- [ RunTime:0.000000s ]
NOTIC: [8] Undefined index: sortId D:\phpStudy\WWW\personalBlog\Application\Runtime\Cache\Admin\3233ce5cce332a117b52d9b8831cbcfa.php 第 41 行.
INFO: Run Behavior\ParseTemplateBehavior [ RunTime:0.008001s ]
INFO: [ view_parse ] --END-- [ RunTime:0.008001s ]
INFO: [ view_filter ] --START--
INFO: Run Behavior\WriteHtmlCacheBehavior [ RunTime:0.000000s ]
INFO: [ view_filter ] --END-- [ RunTime:0.001000s ]
INFO: [ app_end ] --START--
INFO: Run Behavior\ShowPageTraceBehavior [ RunTime:0.001000s ]
INFO: [ app_end ] --END-- [ RunTime:0.001000s ]

[ 2018-09-19T10:42:08+08:00 ] ::1 /personalBlog/index.php/Admin/Article/add
INFO: [ app_init ] --START--
INFO: Run Behavior\BuildLiteBehavior [ RunTime:0.000000s ]
INFO: [ app_init ] --END-- [ RunTime:0.001000s ]
INFO: [ app_begin ] --START--
INFO: Run Behavior\ReadHtmlCacheBehavior [ RunTime:0.001001s ]
INFO: [ app_begin ] --END-- [ RunTime:0.001001s ]
SQL: SHOW COLUMNS FROM `article` [ RunTime:0.0120s ]
SQL: SELECT * FROM `article` ORDER BY sortId asc  [ RunTime:0.0010s ]
INFO: [ view_parse ] --START--
INFO: [ template_filter ] --START--
INFO: Run Behavior\ContentReplaceBehavior [ RunTime:0.000000s ]
INFO: [ template_filter ] --END-- [ RunTime:0.000000s ]
INFO: Run Behavior\ParseTemplateBehavior [ RunTime:0.023001s ]
INFO: [ view_parse ] --END-- [ RunTime:0.023001s ]
INFO: [ view_filter ] --START--
INFO: Run Behavior\WriteHtmlCacheBehavior [ RunTime:0.001000s ]
INFO: [ view_filter ] --END-- [ RunTime:0.001000s ]
INFO: [ app_end ] --START--
INFO: Run Behavior\ShowPageTraceBehavior [ RunTime:0.000000s ]
INFO: [ app_end ] --END-- [ RunTime:0.000000s ]

[ 2018-09-19T10:43:50+08:00 ] ::1 /personalBlog/index.php/Admin/Article/add
INFO: [ app_init ] --START--
INFO: Run Behavior\BuildLiteBehavior [ RunTime:0.000000s ]
INFO: [ app_init ] --END-- [ RunTime:0.001000s ]
INFO: [ app_begin ] --START--
INFO: Run Behavior\ReadHtmlCacheBehavior [ RunTime:0.002000s ]
INFO: [ app_begin ] --END-- [ RunTime:0.002000s ]
SQL: SHOW COLUMNS FROM `article` [ RunTime:0.0110s ]
NOTIC: [2] call_user_func() expects parameter 1 to be a valid callback, no array or string given D:\phpStudy\WWW\personalBlog\ThinkPHP\Library\Think\Upload.class.php 第 170 行.
NOTIC: [8] Undefined index: validate D:\phpStudy\WWW\personalBlog\ThinkPHP\Library\Think\Model.class.php 第 1185 行.
NOTIC: [8] Undefined index: auto D:\phpStudy\WWW\personalBlog\ThinkPHP\Library\Think\Model.class.php 第 1128 行.
SQL: INSERT INTO `article` (`title`,`description`,`content`,`sortId`,`author`,`datetime`,`pic`) VALUES ('测试','11','&lt;p&gt;&lt;img src=&quot;/ueditor/php/upload/image/20180919/1537325022120230.jpg&quot; title=&quot;1537325022120230.jpg&quot; alt=&quot;0006.jpg&quot;/&gt;&lt;/p&gt;','3','wrf','1537325030','2018-09-19/5ba1b7e68d603.jpg') [ RunTime:0.0010s ]
INFO: [ view_parse ] --START--
INFO: [ template_filter ] --START--
INFO: Run Behavior\ContentReplaceBehavior [ RunTime:0.000000s ]
INFO: [ template_filter ] --END-- [ RunTime:0.000000s ]
INFO: Run Behavior\ParseTemplateBehavior [ RunTime:0.023002s ]
INFO: [ view_parse ] --END-- [ RunTime:0.023002s ]
INFO: [ view_filter ] --START--
INFO: Run Behavior\WriteHtmlCacheBehavior [ RunTime:0.001000s ]
INFO: [ view_filter ] --END-- [ RunTime:0.001000s ]
INFO: [ app_end ] --START--
INFO: Run Behavior\ShowPageTraceBehavior [ RunTime:0.001000s ]
INFO: [ app_end ] --END-- [ RunTime:0.001000s ]

[ 2018-09-19T10:43:51+08:00 ] ::1 /personalBlog/index.php/Admin/Article/lst.html
INFO: [ app_init ] --START--
INFO: Run Behavior\BuildLiteBehavior [ RunTime:0.000000s ]
INFO: [ app_init ] --END-- [ RunTime:0.000000s ]
INFO: [ app_begin ] --START--
INFO: Run Behavior\ReadHtmlCacheBehavior [ RunTime:0.001000s ]
INFO: [ app_begin ] --END-- [ RunTime:0.001000s ]
SQL: SHOW COLUMNS FROM `article` [ RunTime:0.0120s ]
SQL: SELECT * FROM `article` ORDER BY sortId asc  [ RunTime:0.0010s ]
INFO: [ view_parse ] --START--
INFO: [ template_filter ] --START--
INFO: Run Behavior\ContentReplaceBehavior [ RunTime:0.000000s ]
INFO: [ template_filter ] --END-- [ RunTime:0.000000s ]
NOTIC: [8] Undefined index: sortId D:\phpStudy\WWW\personalBlog\Application\Runtime\Cache\Admin\3233ce5cce332a117b52d9b8831cbcfa.php 第 41 行.
NOTIC: [8] Undefined index: sortId D:\phpStudy\WWW\personalBlog\Application\Runtime\Cache\Admin\3233ce5cce332a117b52d9b8831cbcfa.php 第 41 行.
INFO: Run Behavior\ParseTemplateBehavior [ RunTime:0.010001s ]
INFO: [ view_parse ] --END-- [ RunTime:0.010001s ]
INFO: [ view_filter ] --START--
INFO: Run Behavior\WriteHtmlCacheBehavior [ RunTime:0.001000s ]
INFO: [ view_filter ] --END-- [ RunTime:0.001000s ]
INFO: [ app_end ] --START--
INFO: Run Behavior\ShowPageTraceBehavior [ RunTime:0.001000s ]
INFO: [ app_end ] --END-- [ RunTime:0.001000s ]

