[ 2018-11-22T09:41:46+08:00 ] ::1 /personalBlog/index.php/Admin/Info/info
INFO: [ app_init ] --START--
INFO: Run Behavior\BuildLiteBehavior [ RunTime:0.000000s ]
INFO: [ app_init ] --END-- [ RunTime:0.236014s ]
INFO: [ app_begin ] --START--
INFO: Run Behavior\ReadHtmlCacheBehavior [ RunTime:0.097005s ]
INFO: [ app_begin ] --END-- [ RunTime:0.097005s ]
INFO: [ view_parse ] --START--
INFO: [ template_filter ] --START--
INFO: Run Behavior\ContentReplaceBehavior [ RunTime:0.000000s ]
INFO: [ template_filter ] --END-- [ RunTime:0.001000s ]
INFO: Run Behavior\ParseTemplateBehavior [ RunTime:0.309018s ]
INFO: [ view_parse ] --END-- [ RunTime:0.309018s ]
INFO: [ view_filter ] --START--
INFO: Run Behavior\WriteHtmlCacheBehavior [ RunTime:0.111006s ]
INFO: [ view_filter ] --END-- [ RunTime:0.111006s ]
INFO: [ app_end ] --START--
INFO: Run Behavior\ShowPageTraceBehavior [ RunTime:0.088005s ]
INFO: [ app_end ] --END-- [ RunTime:0.088005s ]
NOTIC: [8] Use of undefined constant ‘APP_DEBUG’ - assumed '‘APP_DEBUG’' D:\phpStudy\WWW\personalBlog\index.php 第 30 行.

[ 2018-11-22T17:27:11+08:00 ] ::1 /personalBlog/index.php/Admin/Article/lst
INFO: [ app_init ] --START--
INFO: Run Behavior\BuildLiteBehavior [ RunTime:0.000000s ]
INFO: [ app_init ] --END-- [ RunTime:0.001000s ]
INFO: [ app_begin ] --START--
INFO: Run Behavior\ReadHtmlCacheBehavior [ RunTime:0.001000s ]
INFO: [ app_begin ] --END-- [ RunTime:0.001000s ]
SQL: SHOW COLUMNS FROM `article_view` [ RunTime:0.0180s ]
SQL: SELECT COUNT(*) AS tp_count FROM `article_view` LIMIT 1   [ RunTime:0.0220s ]
SQL: SELECT `cate_name`,`article_id`,`title`,`pic`,`description`,`content`,`author`,`article_sortid`,`cateid`,`publish_time` FROM `article_view` ORDER BY article_sortid asc LIMIT 0,5   [ RunTime:0.0380s ]
INFO: [ view_parse ] --START--
INFO: [ template_filter ] --START--
INFO: Run Behavior\ContentReplaceBehavior [ RunTime:0.000000s ]
INFO: [ template_filter ] --END-- [ RunTime:0.000000s ]
NOTIC: [8] Undefined index: article_sortId D:\phpStudy\WWW\personalBlog\Application\Runtime\Cache\Admin\3233ce5cce332a117b52d9b8831cbcfa.php 第 45 行.
NOTIC: [8] Undefined index: article_sortId D:\phpStudy\WWW\personalBlog\Application\Runtime\Cache\Admin\3233ce5cce332a117b52d9b8831cbcfa.php 第 45 行.
NOTIC: [8] Undefined index: article_sortId D:\phpStudy\WWW\personalBlog\Application\Runtime\Cache\Admin\3233ce5cce332a117b52d9b8831cbcfa.php 第 45 行.
NOTIC: [8] Undefined index: article_sortId D:\phpStudy\WWW\personalBlog\Application\Runtime\Cache\Admin\3233ce5cce332a117b52d9b8831cbcfa.php 第 45 行.
NOTIC: [8] Undefined index: article_sortId D:\phpStudy\WWW\personalBlog\Application\Runtime\Cache\Admin\3233ce5cce332a117b52d9b8831cbcfa.php 第 45 行.
INFO: Run Behavior\ParseTemplateBehavior [ RunTime:0.053003s ]
INFO: [ view_parse ] --END-- [ RunTime:0.053003s ]
INFO: [ view_filter ] --START--
INFO: Run Behavior\WriteHtmlCacheBehavior [ RunTime:0.001000s ]
INFO: [ view_filter ] --END-- [ RunTime:0.001000s ]
INFO: [ app_end ] --START--
INFO: Run Behavior\ShowPageTraceBehavior [ RunTime:0.001001s ]
INFO: [ app_end ] --END-- [ RunTime:0.001001s ]
NOTIC: [8] Use of undefined constant ‘APP_DEBUG’ - assumed '‘APP_DEBUG’' D:\phpStudy\WWW\personalBlog\index.php 第 30 行.

[ 2018-11-22T17:27:13+08:00 ] ::1 /personalBlog/index.php/Admin/Article/add
INFO: [ app_init ] --START--
INFO: Run Behavior\BuildLiteBehavior [ RunTime:0.000000s ]
INFO: [ app_init ] --END-- [ RunTime:0.001000s ]
INFO: [ app_begin ] --START--
INFO: Run Behavior\ReadHtmlCacheBehavior [ RunTime:0.001000s ]
INFO: [ app_begin ] --END-- [ RunTime:0.001000s ]
SQL: SHOW COLUMNS FROM `article` [ RunTime:0.0060s ]
SQL: SHOW COLUMNS FROM `category` [ RunTime:0.0060s ]
SQL: SELECT * FROM `category` ORDER BY cate_sort asc  [ RunTime:0.0010s ]
SQL: SELECT * FROM `article` ORDER BY article_sortid asc  [ RunTime:0.0020s ]
INFO: [ view_parse ] --START--
INFO: [ template_filter ] --START--
INFO: Run Behavior\ContentReplaceBehavior [ RunTime:0.001000s ]
INFO: [ template_filter ] --END-- [ RunTime:0.001000s ]
INFO: Run Behavior\ParseTemplateBehavior [ RunTime:0.019001s ]
INFO: [ view_parse ] --END-- [ RunTime:0.019001s ]
INFO: [ view_filter ] --START--
INFO: Run Behavior\WriteHtmlCacheBehavior [ RunTime:0.001001s ]
INFO: [ view_filter ] --END-- [ RunTime:0.001001s ]
INFO: [ app_end ] --START--
INFO: Run Behavior\ShowPageTraceBehavior [ RunTime:0.000000s ]
INFO: [ app_end ] --END-- [ RunTime:0.000000s ]
NOTIC: [8] Use of undefined constant ‘APP_DEBUG’ - assumed '‘APP_DEBUG’' D:\phpStudy\WWW\personalBlog\index.php 第 30 行.

[ 2018-11-22T17:29:14+08:00 ] ::1 /personalBlog/index.php/Admin/Article/add
INFO: [ app_init ] --START--
INFO: Run Behavior\BuildLiteBehavior [ RunTime:0.000000s ]
INFO: [ app_init ] --END-- [ RunTime:0.001000s ]
INFO: [ app_begin ] --START--
INFO: Run Behavior\ReadHtmlCacheBehavior [ RunTime:0.001001s ]
INFO: [ app_begin ] --END-- [ RunTime:0.001001s ]
SQL: SHOW COLUMNS FROM `article` [ RunTime:0.0190s ]
NOTIC: [2] call_user_func() expects parameter 1 to be a valid callback, no array or string given D:\phpStudy\WWW\personalBlog\ThinkPHP\Library\Think\Upload.class.php 第 170 行.
NOTIC: [8] Undefined index: validate D:\phpStudy\WWW\personalBlog\ThinkPHP\Library\Think\Model.class.php 第 1185 行.
NOTIC: [8] Undefined index: auto D:\phpStudy\WWW\personalBlog\ThinkPHP\Library\Think\Model.class.php 第 1128 行.
SQL: INSERT INTO `article` (`title`,`cateid`,`description`,`content`,`article_sortid`,`author`,`publish_time`,`pic`) VALUES ('今天遗留bug','15','获取当前及当前追加','&lt;p style=&quot;text-align: center;&quot;&gt;&lt;img src=&quot;/ueditor/php/upload/image/20181122/1542878934876127.jpg&quot; title=&quot;1542878934876127.jpg&quot; alt=&quot;1-1P42G14039.jpg&quot;/&gt;&lt;img src=&quot;/ueditor/php/upload/image/20181122/1542878940246313.jpg&quot; title=&quot;1542878940246313.jpg&quot; alt=&quot;1-1P42G14334.jpg&quot;/&gt;&lt;/p&gt;','1','wrf','2018-11-22 17:29:14','2018-11-22/5bf676eade8de.jpg') [ RunTime:0.0100s ]
INFO: [ view_parse ] --START--
INFO: [ template_filter ] --START--
INFO: Run Behavior\ContentReplaceBehavior [ RunTime:0.000000s ]
INFO: [ template_filter ] --END-- [ RunTime:0.000000s ]
INFO: Run Behavior\ParseTemplateBehavior [ RunTime:0.047003s ]
INFO: [ view_parse ] --END-- [ RunTime:0.047003s ]
INFO: [ view_filter ] --START--
INFO: Run Behavior\WriteHtmlCacheBehavior [ RunTime:0.001000s ]
INFO: [ view_filter ] --END-- [ RunTime:0.001000s ]
INFO: [ app_end ] --START--
INFO: Run Behavior\ShowPageTraceBehavior [ RunTime:0.001000s ]
INFO: [ app_end ] --END-- [ RunTime:0.001000s ]
NOTIC: [8] Use of undefined constant ‘APP_DEBUG’ - assumed '‘APP_DEBUG’' D:\phpStudy\WWW\personalBlog\index.php 第 30 行.

[ 2018-11-22T17:29:16+08:00 ] ::1 /personalBlog/index.php/Admin/Article/lst.html
INFO: [ app_init ] --START--
INFO: Run Behavior\BuildLiteBehavior [ RunTime:0.000000s ]
INFO: [ app_init ] --END-- [ RunTime:0.000000s ]
INFO: [ app_begin ] --START--
INFO: Run Behavior\ReadHtmlCacheBehavior [ RunTime:0.001000s ]
INFO: [ app_begin ] --END-- [ RunTime:0.001000s ]
SQL: SHOW COLUMNS FROM `article_view` [ RunTime:0.0310s ]
SQL: SELECT COUNT(*) AS tp_count FROM `article_view` LIMIT 1   [ RunTime:0.0010s ]
SQL: SELECT `cate_name`,`article_id`,`title`,`pic`,`description`,`content`,`author`,`article_sortid`,`cateid`,`publish_time` FROM `article_view` ORDER BY article_sortid asc LIMIT 0,5   [ RunTime:0.0450s ]
INFO: [ view_parse ] --START--
INFO: [ template_filter ] --START--
INFO: Run Behavior\ContentReplaceBehavior [ RunTime:0.000000s ]
INFO: [ template_filter ] --END-- [ RunTime:0.000000s ]
NOTIC: [8] Undefined index: article_sortId D:\phpStudy\WWW\personalBlog\Application\Runtime\Cache\Admin\3233ce5cce332a117b52d9b8831cbcfa.php 第 45 行.
NOTIC: [8] Undefined index: article_sortId D:\phpStudy\WWW\personalBlog\Application\Runtime\Cache\Admin\3233ce5cce332a117b52d9b8831cbcfa.php 第 45 行.
NOTIC: [8] Undefined index: article_sortId D:\phpStudy\WWW\personalBlog\Application\Runtime\Cache\Admin\3233ce5cce332a117b52d9b8831cbcfa.php 第 45 行.
NOTIC: [8] Undefined index: article_sortId D:\phpStudy\WWW\personalBlog\Application\Runtime\Cache\Admin\3233ce5cce332a117b52d9b8831cbcfa.php 第 45 行.
NOTIC: [8] Undefined index: article_sortId D:\phpStudy\WWW\personalBlog\Application\Runtime\Cache\Admin\3233ce5cce332a117b52d9b8831cbcfa.php 第 45 行.
INFO: Run Behavior\ParseTemplateBehavior [ RunTime:0.020001s ]
INFO: [ view_parse ] --END-- [ RunTime:0.021001s ]
INFO: [ view_filter ] --START--
INFO: Run Behavior\WriteHtmlCacheBehavior [ RunTime:0.000000s ]
INFO: [ view_filter ] --END-- [ RunTime:0.000000s ]
INFO: [ app_end ] --START--
INFO: Run Behavior\ShowPageTraceBehavior [ RunTime:0.001000s ]
INFO: [ app_end ] --END-- [ RunTime:0.001000s ]
NOTIC: [8] Use of undefined constant ‘APP_DEBUG’ - assumed '‘APP_DEBUG’' D:\phpStudy\WWW\personalBlog\index.php 第 30 行.

